<?xml version="1.0" encoding="UTF-8"?>
<testsuite xmlns:xsi="http://www.w3.org/2001/XMLSchema-instance" xsi:noNamespaceSchemaLocation="https://maven.apache.org/surefire/maven-surefire-plugin/xsd/surefire-test-report.xsd" name="cn.zf.lin.dubbo.api.TestRedis" time="47.649" tests="1" errors="1" skipped="0" failures="0">
  <properties>
[...]
</properties>
  <testcase name="testSave" classname="cn.zf.lin.dubbo.api.TestRedis" time="0.001">
    <error message="Failed to load ApplicationContext" type="java.lang.IllegalStateException">java.lang.IllegalStateException: Failed to load ApplicationContext
Caused by: org.springframework.beans.factory.UnsatisfiedDependencyException: Error creating bean with name 'searchController': Unsatisfied dependency expressed through field 'searchService'; nested exception is org.springframework.beans.factory.UnsatisfiedDependencyException: Error creating bean with name 'searchService': Unsatisfied dependency expressed through field 'elasticsearchTemplate'; nested exception is org.springframework.beans.factory.UnsatisfiedDependencyException: Error creating bean with name 'elasticsearchTemplate' defined in class path resource [org/springframework/boot/autoconfigure/data/elasticsearch/ElasticsearchDataAutoConfiguration.class]: Unsatisfied dependency expressed through method 'elasticsearchTemplate' parameter 0; nested exception is org.springframework.beans.factory.BeanCreationException: Error creating bean with name 'elasticsearchClient' defined in class path resource [org/springframework/boot/autoconfigure/data/elasticsearch/ElasticsearchAutoConfiguration.class]: Bean instantiation via factory method failed; nested exception is org.springframework.beans.BeanInstantiationException: Failed to instantiate [org.elasticsearch.client.transport.TransportClient]: Factory method 'elasticsearchClient' threw exception; nested exception is java.lang.IllegalStateException: availableProcessors is already set to [12], rejecting [12]
Caused by: org.springframework.beans.factory.UnsatisfiedDependencyException: Error creating bean with name 'searchService': Unsatisfied dependency expressed through field 'elasticsearchTemplate'; nested exception is org.springframework.beans.factory.UnsatisfiedDependencyException: Error creating bean with name 'elasticsearchTemplate' defined in class path resource [org/springframework/boot/autoconfigure/data/elasticsearch/ElasticsearchDataAutoConfiguration.class]: Unsatisfied dependency expressed through method 'elasticsearchTemplate' parameter 0; nested exception is org.springframework.beans.factory.BeanCreationException: Error creating bean with name 'elasticsearchClient' defined in class path resource [org/springframework/boot/autoconfigure/data/elasticsearch/ElasticsearchAutoConfiguration.class]: Bean instantiation via factory method failed; nested exception is org.springframework.beans.BeanInstantiationException: Failed to instantiate [org.elasticsearch.client.transport.TransportClient]: Factory method 'elasticsearchClient' threw exception; nested exception is java.lang.IllegalStateException: availableProcessors is already set to [12], rejecting [12]
Caused by: org.springframework.beans.factory.UnsatisfiedDependencyException: Error creating bean with name 'elasticsearchTemplate' defined in class path resource [org/springframework/boot/autoconfigure/data/elasticsearch/ElasticsearchDataAutoConfiguration.class]: Unsatisfied dependency expressed through method 'elasticsearchTemplate' parameter 0; nested exception is org.springframework.beans.factory.BeanCreationException: Error creating bean with name 'elasticsearchClient' defined in class path resource [org/springframework/boot/autoconfigure/data/elasticsearch/ElasticsearchAutoConfiguration.class]: Bean instantiation via factory method failed; nested exception is org.springframework.beans.BeanInstantiationException: Failed to instantiate [org.elasticsearch.client.transport.TransportClient]: Factory method 'elasticsearchClient' threw exception; nested exception is java.lang.IllegalStateException: availableProcessors is already set to [12], rejecting [12]
Caused by: org.springframework.beans.factory.BeanCreationException: Error creating bean with name 'elasticsearchClient' defined in class path resource [org/springframework/boot/autoconfigure/data/elasticsearch/ElasticsearchAutoConfiguration.class]: Bean instantiation via factory method failed; nested exception is org.springframework.beans.BeanInstantiationException: Failed to instantiate [org.elasticsearch.client.transport.TransportClient]: Factory method 'elasticsearchClient' threw exception; nested exception is java.lang.IllegalStateException: availableProcessors is already set to [12], rejecting [12]
Caused by: org.springframework.beans.BeanInstantiationException: Failed to instantiate [org.elasticsearch.client.transport.TransportClient]: Factory method 'elasticsearchClient' threw exception; nested exception is java.lang.IllegalStateException: availableProcessors is already set to [12], rejecting [12]
Caused by: java.lang.IllegalStateException: availableProcessors is already set to [12], rejecting [12]
</error>
    <system-out><![CDATA[13:34:25.631 [main] DEBUG org.springframework.test.context.junit4.SpringJUnit4ClassRunner - SpringJUnit4ClassRunner constructor called with [class cn.zf.lin.dubbo.api.TestRedis]
13:34:25.636 [main] DEBUG org.springframework.test.context.BootstrapUtils - Instantiating CacheAwareContextLoaderDelegate from class [org.springframework.test.context.cache.DefaultCacheAwareContextLoaderDelegate]
13:34:25.645 [main] DEBUG org.springframework.test.context.BootstrapUtils - Instantiating BootstrapContext using constructor [public org.springframework.test.context.support.DefaultBootstrapContext(java.lang.Class,org.springframework.test.context.CacheAwareContextLoaderDelegate)]
13:34:25.664 [main] DEBUG org.springframework.test.context.BootstrapUtils - Instantiating TestContextBootstrapper for test class [cn.zf.lin.dubbo.api.TestRedis] from class [org.springframework.boot.test.context.SpringBootTestContextBootstrapper]
13:34:25.679 [main] INFO org.springframework.boot.test.context.SpringBootTestContextBootstrapper - Neither @ContextConfiguration nor @ContextHierarchy found for test class [cn.zf.lin.dubbo.api.TestRedis], using SpringBootContextLoader
13:34:25.683 [main] DEBUG org.springframework.test.context.support.AbstractContextLoader - Did not detect default resource location for test class [cn.zf.lin.dubbo.api.TestRedis]: class path resource [cn/zf/lin/dubbo/api/TestRedis-context.xml] does not exist
13:34:25.683 [main] DEBUG org.springframework.test.context.support.AbstractContextLoader - Did not detect default resource location for test class [cn.zf.lin.dubbo.api.TestRedis]: class path resource [cn/zf/lin/dubbo/api/TestRedisContext.groovy] does not exist
13:34:25.683 [main] INFO org.springframework.test.context.support.AbstractContextLoader - Could not detect default resource locations for test class [cn.zf.lin.dubbo.api.TestRedis]: no resource found for suffixes {-context.xml, Context.groovy}.
13:34:25.684 [main] INFO org.springframework.test.context.support.AnnotationConfigContextLoaderUtils - Could not detect default configuration classes for test class [cn.zf.lin.dubbo.api.TestRedis]: TestRedis does not declare any static, non-private, non-final, nested classes annotated with @Configuration.
13:34:25.761 [main] DEBUG org.springframework.test.context.support.ActiveProfilesUtils - Could not find an 'annotation declaring class' for annotation type [org.springframework.test.context.ActiveProfiles] and class [cn.zf.lin.dubbo.api.TestRedis]
13:34:25.836 [main] DEBUG org.springframework.context.annotation.ClassPathScanningCandidateComponentProvider - Identified candidate component class: file [D:\file\itcast-haoke-manage\zf-lin-manage\zf-lin-manage-api-server\target\classes\cn\zf\lin\dubbo\api\DubboApiApplication.class]
13:34:25.838 [main] INFO org.springframework.boot.test.context.SpringBootTestContextBootstrapper - Found @SpringBootConfiguration cn.zf.lin.dubbo.api.DubboApiApplication for test class cn.zf.lin.dubbo.api.TestRedis
13:34:26.056 [main] DEBUG org.springframework.boot.test.context.SpringBootTestContextBootstrapper - @TestExecutionListeners is not present for class [cn.zf.lin.dubbo.api.TestRedis]: using defaults.
13:34:26.057 [main] INFO org.springframework.boot.test.context.SpringBootTestContextBootstrapper - Loaded default TestExecutionListener class names from location [META-INF/spring.factories]: [org.springframework.boot.test.mock.mockito.MockitoTestExecutionListener, org.springframework.boot.test.mock.mockito.ResetMocksTestExecutionListener, org.springframework.boot.test.autoconfigure.restdocs.RestDocsTestExecutionListener, org.springframework.boot.test.autoconfigure.web.client.MockRestServiceServerResetTestExecutionListener, org.springframework.boot.test.autoconfigure.web.servlet.MockMvcPrintOnlyOnFailureTestExecutionListener, org.springframework.boot.test.autoconfigure.web.servlet.WebDriverTestExecutionListener, org.springframework.test.context.web.ServletTestExecutionListener, org.springframework.test.context.support.DirtiesContextBeforeModesTestExecutionListener, org.springframework.test.context.support.DependencyInjectionTestExecutionListener, org.springframework.test.context.support.DirtiesContextTestExecutionListener, org.springframework.test.context.transaction.TransactionalTestExecutionListener, org.springframework.test.context.jdbc.SqlScriptsTestExecutionListener]
13:34:26.114 [main] INFO org.springframework.boot.test.context.SpringBootTestContextBootstrapper - Using TestExecutionListeners: [org.springframework.test.context.web.ServletTestExecutionListener@2e1d27ba, org.springframework.test.context.support.DirtiesContextBeforeModesTestExecutionListener@61d6015a, org.springframework.boot.test.mock.mockito.MockitoTestExecutionListener@2525ff7e, org.springframework.boot.test.autoconfigure.SpringBootDependencyInjectionTestExecutionListener@524d6d96, org.springframework.test.context.support.DirtiesContextTestExecutionListener@152aa092, org.springframework.test.context.transaction.TransactionalTestExecutionListener@44a7bfbc, org.springframework.test.context.jdbc.SqlScriptsTestExecutionListener@4ef37659, org.springframework.boot.test.mock.mockito.ResetMocksTestExecutionListener@776b83cc, org.springframework.boot.test.autoconfigure.restdocs.RestDocsTestExecutionListener@37858383, org.springframework.boot.test.autoconfigure.web.client.MockRestServiceServerResetTestExecutionListener@4e268090, org.springframework.boot.test.autoconfigure.web.servlet.MockMvcPrintOnlyOnFailureTestExecutionListener@1bb266b3, org.springframework.boot.test.autoconfigure.web.servlet.WebDriverTestExecutionListener@306cf3ea]
13:34:26.115 [main] DEBUG org.springframework.test.annotation.ProfileValueUtils - Retrieved @ProfileValueSourceConfiguration [null] for test class [cn.zf.lin.dubbo.api.TestRedis]
13:34:26.115 [main] DEBUG org.springframework.test.annotation.ProfileValueUtils - Retrieved ProfileValueSource type [class org.springframework.test.annotation.SystemProfileValueSource] for class [cn.zf.lin.dubbo.api.TestRedis]
13:34:26.116 [main] DEBUG org.springframework.test.annotation.ProfileValueUtils - Retrieved @ProfileValueSourceConfiguration [null] for test class [cn.zf.lin.dubbo.api.TestRedis]
13:34:26.116 [main] DEBUG org.springframework.test.annotation.ProfileValueUtils - Retrieved ProfileValueSource type [class org.springframework.test.annotation.SystemProfileValueSource] for class [cn.zf.lin.dubbo.api.TestRedis]
13:34:26.117 [main] DEBUG org.springframework.test.annotation.ProfileValueUtils - Retrieved @ProfileValueSourceConfiguration [null] for test class [cn.zf.lin.dubbo.api.TestRedis]
13:34:26.117 [main] DEBUG org.springframework.test.annotation.ProfileValueUtils - Retrieved ProfileValueSource type [class org.springframework.test.annotation.SystemProfileValueSource] for class [cn.zf.lin.dubbo.api.TestRedis]
13:34:26.120 [main] DEBUG org.springframework.test.context.support.AbstractDirtiesContextTestExecutionListener - Before test class: context [DefaultTestContext@3246fb96 testClass = TestRedis, testInstance = [null], testMethod = [null], testException = [null], mergedContextConfiguration = [WebMergedContextConfiguration@2e222612 testClass = TestRedis, locations = '{}', classes = '{class cn.zf.lin.dubbo.api.DubboApiApplication}', contextInitializerClasses = '[]', activeProfiles = '{}', propertySourceLocations = '{}', propertySourceProperties = '{org.springframework.boot.test.context.SpringBootTestContextBootstrapper=true}', contextCustomizers = set[org.springframework.boot.test.context.filter.ExcludeFilterContextCustomizer@27c6e487, org.springframework.boot.test.json.DuplicateJsonObjectContextCustomizerFactory$DuplicateJsonObjectContextCustomizer@28c4711c, org.springframework.boot.test.mock.mockito.MockitoContextCustomizer@0, org.springframework.boot.test.web.client.TestRestTemplateContextCustomizer@3f200884, org.springframework.boot.test.autoconfigure.properties.PropertyMappingContextCustomizer@0, org.springframework.boot.test.autoconfigure.web.servlet.WebDriverContextCustomizerFactory$Customizer@51931956], resourceBasePath = 'src/main/webapp', contextLoader = 'org.springframework.boot.test.context.SpringBootContextLoader', parent = [null]], attributes = map['org.springframework.test.context.web.ServletTestExecutionListener.activateListener' -> true]], class annotated with @DirtiesContext [false] with mode [null].
13:34:26.121 [main] DEBUG org.springframework.test.annotation.ProfileValueUtils - Retrieved @ProfileValueSourceConfiguration [null] for test class [cn.zf.lin.dubbo.api.TestRedis]
13:34:26.121 [main] DEBUG org.springframework.test.annotation.ProfileValueUtils - Retrieved ProfileValueSource type [class org.springframework.test.annotation.SystemProfileValueSource] for class [cn.zf.lin.dubbo.api.TestRedis]
13:34:26.144 [main] DEBUG org.springframework.test.context.support.TestPropertySourceUtils - Adding inlined properties to environment: {spring.jmx.enabled=false, org.springframework.boot.test.context.SpringBootTestContextBootstrapper=true, server.port=-1}
2021-11-16 13:34:26.376  INFO 18816 --- [           main] a.b.d.c.e.WelcomeLogoApplicationListener : 

 :: Dubbo Spring Boot (v0.2.0) : https://github.com/apache/incubator-dubbo-spring-boot-project
 :: Dubbo (v2.6.4) : https://github.com/apache/incubator-dubbo
 :: Google group : dev@dubbo.incubator.apache.org

2021-11-16 13:34:26.380  INFO 18816 --- [           main] e.OverrideDubboConfigApplicationListener : Dubbo Config was overridden by externalized configuration {dubbo.application.name=dubbo-consumer-lin-manage, dubbo.registry.address=zookeeper://192.168.1.7:2181, dubbo.registry.client=zkclient}

  .   ____          _            __ _ _
 /\\ / ___'_ __ _ _(_)_ __  __ _ \ \ \ \
( ( )\___ | '_ | '_| | '_ \/ _` | \ \ \ \
 \\/  ___)| |_)| | | | | || (_| |  ) ) ) )
  '  |____| .__|_| |_|_| |_\__, | / / / /
 =========|_|==============|___/=/_/_/_/
 :: Spring Boot ::        (v2.1.0.RELEASE)

2021-11-16 13:34:26.454  INFO 18816 --- [           main] cn.zf.lin.dubbo.api.TestRedis            : Starting TestRedis on DESKTOP-R530OGU with PID 18816 (started by Little Forest in D:\file\itcast-haoke-manage\zf-lin-manage\zf-lin-manage-api-server)
2021-11-16 13:34:26.455  INFO 18816 --- [           main] cn.zf.lin.dubbo.api.TestRedis            : No active profile set, falling back to default profiles: default
2021-11-16 13:34:27.270  INFO 18816 --- [           main] .a.d.c.s.c.a.DubboConfigBindingRegistrar : The dubbo config bean definition [name : com.alibaba.dubbo.config.ApplicationConfig#0, class : com.alibaba.dubbo.config.ApplicationConfig] has been registered.
2021-11-16 13:34:27.271  INFO 18816 --- [           main] .a.d.c.s.c.a.DubboConfigBindingRegistrar : The BeanPostProcessor bean definition [com.alibaba.dubbo.config.spring.beans.factory.annotation.DubboConfigBindingBeanPostProcessor] for dubbo config bean [name : com.alibaba.dubbo.config.ApplicationConfig#0] has been registered.
2021-11-16 13:34:27.271  INFO 18816 --- [           main] .a.d.c.s.c.a.DubboConfigBindingRegistrar : The dubbo config bean definition [name : com.alibaba.dubbo.config.RegistryConfig#0, class : com.alibaba.dubbo.config.RegistryConfig] has been registered.
2021-11-16 13:34:27.271  INFO 18816 --- [           main] .a.d.c.s.c.a.DubboConfigBindingRegistrar : The BeanPostProcessor bean definition [com.alibaba.dubbo.config.spring.beans.factory.annotation.DubboConfigBindingBeanPostProcessor] for dubbo config bean [name : com.alibaba.dubbo.config.RegistryConfig#0] has been registered.
2021-11-16 13:34:27.344  INFO 18816 --- [           main] .s.d.r.c.RepositoryConfigurationDelegate : Multiple Spring Data modules found, entering strict repository configuration mode!
2021-11-16 13:34:27.347  INFO 18816 --- [           main] .s.d.r.c.RepositoryConfigurationDelegate : Bootstrapping Spring Data repositories in DEFAULT mode.
2021-11-16 13:34:27.369  INFO 18816 --- [           main] .s.d.r.c.RepositoryConfigurationDelegate : Finished Spring Data repository scanning in 18ms. Found 0 repository interfaces.
2021-11-16 13:34:27.447  INFO 18816 --- [           main] .s.d.r.c.RepositoryConfigurationDelegate : Multiple Spring Data modules found, entering strict repository configuration mode!
2021-11-16 13:34:27.447  INFO 18816 --- [           main] .s.d.r.c.RepositoryConfigurationDelegate : Bootstrapping Spring Data repositories in DEFAULT mode.
2021-11-16 13:34:27.453  INFO 18816 --- [           main] .s.d.r.c.RepositoryConfigurationDelegate : Finished Spring Data repository scanning in 6ms. Found 0 repository interfaces.
2021-11-16 13:34:27.472  INFO 18816 --- [           main] .s.d.r.c.RepositoryConfigurationDelegate : Multiple Spring Data modules found, entering strict repository configuration mode!
2021-11-16 13:34:27.474  INFO 18816 --- [           main] .s.d.r.c.RepositoryConfigurationDelegate : Bootstrapping Spring Data repositories in DEFAULT mode.
2021-11-16 13:34:27.487  INFO 18816 --- [           main] .s.d.r.c.RepositoryConfigurationDelegate : Finished Spring Data repository scanning in 5ms. Found 0 repository interfaces.
2021-11-16 13:34:27.768  INFO 18816 --- [           main] trationDelegate$BeanPostProcessorChecker : Bean 'com.alibaba.boot.dubbo.autoconfigure.DubboAutoConfiguration' of type [com.alibaba.boot.dubbo.autoconfigure.DubboAutoConfiguration$$EnhancerBySpringCGLIB$$94a65d2e] is not eligible for getting processed by all BeanPostProcessors (for example: not eligible for auto-proxying)
2021-11-16 13:34:27.824  INFO 18816 --- [           main] trationDelegate$BeanPostProcessorChecker : Bean 'relaxedDubboConfigBinder' of type [com.alibaba.boot.dubbo.autoconfigure.RelaxedDubboConfigBinder] is not eligible for getting processed by all BeanPostProcessors (for example: not eligible for auto-proxying)
2021-11-16 13:34:27.825  INFO 18816 --- [           main] trationDelegate$BeanPostProcessorChecker : Bean 'relaxedDubboConfigBinder' of type [com.alibaba.boot.dubbo.autoconfigure.RelaxedDubboConfigBinder] is not eligible for getting processed by all BeanPostProcessors (for example: not eligible for auto-proxying)
2021-11-16 13:34:34.047  INFO 18816 --- [           main] o.s.s.concurrent.ThreadPoolTaskExecutor  : Initializing ExecutorService
2021-11-16 13:34:34.481  INFO 18816 --- [           main] .f.a.DubboConfigBindingBeanPostProcessor : The properties of bean [name : com.alibaba.dubbo.config.ApplicationConfig#0] have been binding by prefix of configuration properties : dubbo.application
2021-11-16 13:34:34.492  INFO 18816 --- [           main] .f.a.DubboConfigBindingBeanPostProcessor : The properties of bean [name : com.alibaba.dubbo.config.RegistryConfig#0] have been binding by prefix of configuration properties : dubbo.registry
2021-11-16 13:34:45.786  INFO 18816 --- [clientConnector] org.apache.zookeeper.ZooKeeper           : Client environment:zookeeper.version=3.4.13-2d71af4dbe22557fda74f9a9b4309b15a7487f03, built on 06/29/2018 00:39 GMT
2021-11-16 13:34:45.786  INFO 18816 --- [clientConnector] org.apache.zookeeper.ZooKeeper           : Client environment:host.name=DESKTOP-R530OGU
2021-11-16 13:34:45.786  INFO 18816 --- [clientConnector] org.apache.zookeeper.ZooKeeper           : Client environment:java.version=1.8.0_212
2021-11-16 13:34:45.786  INFO 18816 --- [clientConnector] org.apache.zookeeper.ZooKeeper           : Client environment:java.vendor=Oracle Corporation
2021-11-16 13:34:45.786  INFO 18816 --- [clientConnector] org.apache.zookeeper.ZooKeeper           : Client environment:java.home=C:\Program Files\Java\jdk1.8.0_212\jre
2021-11-16 13:34:45.786  INFO 18816 --- [clientConnector] org.apache.zookeeper.ZooKeeper           : Client environment:java.class.path=D:\file\itcast-haoke-manage\zf-lin-manage\zf-lin-manage-api-server\target\test-classes;D:\file\itcast-haoke-manage\zf-lin-manage\zf-lin-manage-api-server\target\classes;D:\source2\maven_new\org\springframework\boot\spring-boot-starter-web\2.1.0.RELEASE\spring-boot-starter-web-2.1.0.RELEASE.jar;D:\source2\maven_new\org\springframework\boot\spring-boot-starter\2.1.0.RELEASE\spring-boot-starter-2.1.0.RELEASE.jar;D:\source2\maven_new\org\springframework\boot\spring-boot\2.1.0.RELEASE\spring-boot-2.1.0.RELEASE.jar;D:\source2\maven_new\org\springframework\boot\spring-boot-autoconfigure\2.1.0.RELEASE\spring-boot-autoconfigure-2.1.0.RELEASE.jar;D:\source2\maven_new\org\springframework\boot\spring-boot-starter-logging\2.1.0.RELEASE\spring-boot-starter-logging-2.1.0.RELEASE.jar;D:\source2\maven_new\ch\qos\logback\logback-classic\1.2.3\logback-classic-1.2.3.jar;D:\source2\maven_new\ch\qos\logback\logback-core\1.2.3\logback-core-1.2.3.jar;D:\source2\maven_new\org\apache\logging\log4j\log4j-to-slf4j\2.11.1\log4j-to-slf4j-2.11.1.jar;D:\source2\maven_new\org\apache\logging\log4j\log4j-api\2.11.1\log4j-api-2.11.1.jar;D:\source2\maven_new\org\slf4j\jul-to-slf4j\1.7.25\jul-to-slf4j-1.7.25.jar;D:\source2\maven_new\javax\annotation\javax.annotation-api\1.3.2\javax.annotation-api-1.3.2.jar;D:\source2\maven_new\org\yaml\snakeyaml\1.23\snakeyaml-1.23.jar;D:\source2\maven_new\org\springframework\boot\spring-boot-starter-json\2.1.0.RELEASE\spring-boot-starter-json-2.1.0.RELEASE.jar;D:\source2\maven_new\com\fasterxml\jackson\core\jackson-databind\2.9.7\jackson-databind-2.9.7.jar;D:\source2\maven_new\com\fasterxml\jackson\core\jackson-annotations\2.9.0\jackson-annotations-2.9.0.jar;D:\source2\maven_new\com\fasterxml\jackson\datatype\jackson-datatype-jdk8\2.9.7\jackson-datatype-jdk8-2.9.7.jar;D:\source2\maven_new\com\fasterxml\jackson\datatype\jackson-datatype-jsr310\2.9.7\jackson-datatype-jsr310-2.9.7.jar;D:\source2\maven_new\com\fasterxml\jackson\module\jackson-module-parameter-names\2.9.7\jackson-module-parameter-names-2.9.7.jar;D:\source2\maven_new\org\springframework\boot\spring-boot-starter-tomcat\2.1.0.RELEASE\spring-boot-starter-tomcat-2.1.0.RELEASE.jar;D:\source2\maven_new\org\apache\tomcat\embed\tomcat-embed-core\9.0.12\tomcat-embed-core-9.0.12.jar;D:\source2\maven_new\org\apache\tomcat\embed\tomcat-embed-el\9.0.12\tomcat-embed-el-9.0.12.jar;D:\source2\maven_new\org\apache\tomcat\embed\tomcat-embed-websocket\9.0.12\tomcat-embed-websocket-9.0.12.jar;D:\source2\maven_new\org\hibernate\validator\hibernate-validator\6.0.13.Final\hibernate-validator-6.0.13.Final.jar;D:\source2\maven_new\javax\validation\validation-api\2.0.1.Final\validation-api-2.0.1.Final.jar;D:\source2\maven_new\org\jboss\logging\jboss-logging\3.3.2.Final\jboss-logging-3.3.2.Final.jar;D:\source2\maven_new\com\fasterxml\classmate\1.4.0\classmate-1.4.0.jar;D:\source2\maven_new\org\springframework\spring-web\5.1.2.RELEASE\spring-web-5.1.2.RELEASE.jar;D:\source2\maven_new\org\springframework\spring-beans\5.1.2.RELEASE\spring-beans-5.1.2.RELEASE.jar;D:\source2\maven_new\org\springframework\spring-webmvc\5.1.2.RELEASE\spring-webmvc-5.1.2.RELEASE.jar;D:\source2\maven_new\org\springframework\spring-aop\5.1.2.RELEASE\spring-aop-5.1.2.RELEASE.jar;D:\source2\maven_new\org\springframework\spring-expression\5.1.2.RELEASE\spring-expression-5.1.2.RELEASE.jar;D:\file\itcast-haoke-manage\zf-lin-manage\zf-lin-manage-dubbo-server\zf-lin-manage-dubbo-server-house-resources\zf-lin-manage-dubbo-server-house-resources-dubbo-interface\target\zf-lin-manage-dubbo-server-house-resources-dubbo-interface-1.0-SNAPSHOT.jar;D:\file\itcast-haoke-manage\zf-lin-manage\zf-lin-manage-dubbo-server\zf-lin-manage-dubbo-server-common\target\zf-lin-manage-dubbo-server-common-1.0-SNAPSHOT.jar;D:\file\itcast-haoke-manage\zf-lin-manage\zf-lin-manage-dubbo-server\zf-lin-manage-dubbo-server-ad\zf-lin-manage-dubbo-server-ad-interface\target\zf-lin-manage-dubbo-server-ad-interface-1.0-SNAPSHOT.jar;D:\source2\maven_new\com\graphql-java\graphql-java\11.0\graphql-java-11.0.jar;D:\source2\maven_new\org\antlr\antlr4-runtime\4.7.1\antlr4-runtime-4.7.1.jar;D:\source2\maven_new\org\slf4j\slf4j-api\1.7.25\slf4j-api-1.7.25.jar;D:\source2\maven_new\com\graphql-java\java-dataloader\2.1.1\java-dataloader-2.1.1.jar;D:\source2\maven_new\org\reactivestreams\reactive-streams\1.0.2\reactive-streams-1.0.2.jar;D:\source2\maven_new\org\springframework\boot\spring-boot-starter-data-redis\2.1.0.RELEASE\spring-boot-starter-data-redis-2.1.0.RELEASE.jar;D:\source2\maven_new\org\springframework\data\spring-data-redis\2.1.2.RELEASE\spring-data-redis-2.1.2.RELEASE.jar;D:\source2\maven_new\org\springframework\data\spring-data-keyvalue\2.1.2.RELEASE\spring-data-keyvalue-2.1.2.RELEASE.jar;D:\source2\maven_new\org\springframework\spring-tx\5.1.2.RELEASE\spring-tx-5.1.2.RELEASE.jar;D:\source2\maven_new\org\springframework\spring-oxm\5.1.2.RELEASE\spring-oxm-5.1.2.RELEASE.jar;D:\source2\maven_new\org\springframework\spring-context-support\5.1.2.RELEASE\spring-context-support-5.1.2.RELEASE.jar;D:\source2\maven_new\io\lettuce\lettuce-core\5.1.2.RELEASE\lettuce-core-5.1.2.RELEASE.jar;D:\source2\maven_new\io\projectreactor\reactor-core\3.2.2.RELEASE\reactor-core-3.2.2.RELEASE.jar;D:\source2\maven_new\io\netty\netty-common\4.1.29.Final\netty-common-4.1.29.Final.jar;D:\source2\maven_new\io\netty\netty-transport\4.1.29.Final\netty-transport-4.1.29.Final.jar;D:\source2\maven_new\io\netty\netty-buffer\4.1.29.Final\netty-buffer-4.1.29.Final.jar;D:\source2\maven_new\io\netty\netty-resolver\4.1.29.Final\netty-resolver-4.1.29.Final.jar;D:\source2\maven_new\io\netty\netty-handler\4.1.29.Final\netty-handler-4.1.29.Final.jar;D:\source2\maven_new\io\netty\netty-codec\4.1.29.Final\netty-codec-4.1.29.Final.jar;D:\source2\maven_new\redis\clients\jedis\2.9.0\jedis-2.9.0.jar;D:\source2\maven_new\org\apache\commons\commons-pool2\2.6.0\commons-pool2-2.6.0.jar;D:\source2\maven_new\commons-io\commons-io\2.6\commons-io-2.6.jar;D:\source2\maven_new\org\springframework\boot\spring-boot-starter-data-mongodb\2.1.0.RELEASE\spring-boot-starter-data-mongodb-2.1.0.RELEASE.jar;D:\source2\maven_new\org\mongodb\mongodb-driver\3.8.2\mongodb-driver-3.8.2.jar;D:\source2\maven_new\org\springframework\data\spring-data-mongodb\2.1.2.RELEASE\spring-data-mongodb-2.1.2.RELEASE.jar;D:\source2\maven_new\org\springframework\data\spring-data-commons\2.1.2.RELEASE\spring-data-commons-2.1.2.RELEASE.jar;D:\source2\maven_new\org\mongodb\mongodb-driver-sync\3.9.1\mongodb-driver-sync-3.9.1.jar;D:\source2\maven_new\org\mongodb\bson\3.8.2\bson-3.8.2.jar;D:\source2\maven_new\org\mongodb\mongodb-driver-core\3.8.2\mongodb-driver-core-3.8.2.jar;D:\source2\maven_new\org\springframework\boot\spring-boot-starter-data-elasticsearch\2.1.0.RELEASE\spring-boot-starter-data-elasticsearch-2.1.0.RELEASE.jar;D:\source2\maven_new\org\springframework\data\spring-data-elasticsearch\3.1.2.RELEASE\spring-data-elasticsearch-3.1.2.RELEASE.jar;D:\source2\maven_new\org\elasticsearch\client\transport\6.4.2\transport-6.4.2.jar;D:\source2\maven_new\org\elasticsearch\elasticsearch\6.4.2\elasticsearch-6.4.2.jar;D:\source2\maven_new\org\elasticsearch\elasticsearch-core\6.4.2\elasticsearch-core-6.4.2.jar;D:\source2\maven_new\org\elasticsearch\elasticsearch-secure-sm\6.4.2\elasticsearch-secure-sm-6.4.2.jar;D:\source2\maven_new\org\elasticsearch\elasticsearch-x-content\6.4.2\elasticsearch-x-content-6.4.2.jar;D:\source2\maven_new\com\fasterxml\jackson\dataformat\jackson-dataformat-smile\2.9.7\jackson-dataformat-smile-2.9.7.jar;D:\source2\maven_new\com\fasterxml\jackson\dataformat\jackson-dataformat-yaml\2.9.7\jackson-dataformat-yaml-2.9.7.jar;D:\source2\maven_new\com\fasterxml\jackson\dataformat\jackson-dataformat-cbor\2.9.7\jackson-dataformat-cbor-2.9.7.jar;D:\source2\maven_new\org\apache\lucene\lucene-core\7.4.0\lucene-core-7.4.0.jar;D:\source2\maven_new\org\apache\lucene\lucene-analyzers-common\7.4.0\lucene-analyzers-common-7.4.0.jar;D:\source2\maven_new\org\apache\lucene\lucene-backward-codecs\7.4.0\lucene-backward-codecs-7.4.0.jar;D:\source2\maven_new\org\apache\lucene\lucene-grouping\7.4.0\lucene-grouping-7.4.0.jar;D:\source2\maven_new\org\apache\lucene\lucene-highlighter\7.4.0\lucene-highlighter-7.4.0.jar;D:\source2\maven_new\org\apache\lucene\lucene-join\7.4.0\lucene-join-7.4.0.jar;D:\source2\maven_new\org\apache\lucene\lucene-memory\7.4.0\lucene-memory-7.4.0.jar;D:\source2\maven_new\org\apache\lucene\lucene-misc\7.4.0\lucene-misc-7.4.0.jar;D:\source2\maven_new\org\apache\lucene\lucene-queries\7.4.0\lucene-queries-7.4.0.jar;D:\source2\maven_new\org\apache\lucene\lucene-queryparser\7.4.0\lucene-queryparser-7.4.0.jar;D:\source2\maven_new\org\apache\lucene\lucene-sandbox\7.4.0\lucene-sandbox-7.4.0.jar;D:\source2\maven_new\org\apache\lucene\lucene-spatial\7.4.0\lucene-spatial-7.4.0.jar;D:\source2\maven_new\org\apache\lucene\lucene-spatial-extras\7.4.0\lucene-spatial-extras-7.4.0.jar;D:\source2\maven_new\org\apache\lucene\lucene-spatial3d\7.4.0\lucene-spatial3d-7.4.0.jar;D:\source2\maven_new\org\apache\lucene\lucene-suggest\7.4.0\lucene-suggest-7.4.0.jar;D:\source2\maven_new\org\elasticsearch\elasticsearch-cli\6.4.2\elasticsearch-cli-6.4.2.jar;D:\source2\maven_new\net\sf\jopt-simple\jopt-simple\5.0.2\jopt-simple-5.0.2.jar;D:\source2\maven_new\com\carrotsearch\hppc\0.7.1\hppc-0.7.1.jar;D:\source2\maven_new\com\tdunning\t-digest\3.2\t-digest-3.2.jar;D:\source2\maven_new\org\hdrhistogram\HdrHistogram\2.1.9\HdrHistogram-2.1.9.jar;D:\source2\maven_new\org\elasticsearch\jna\4.5.1\jna-4.5.1.jar;D:\source2\maven_new\org\elasticsearch\plugin\reindex-client\6.4.2\reindex-client-6.4.2.jar;D:\source2\maven_new\org\elasticsearch\client\elasticsearch-rest-client\6.4.2\elasticsearch-rest-client-6.4.2.jar;D:\source2\maven_new\org\apache\httpcomponents\httpasyncclient\4.1.4\httpasyncclient-4.1.4.jar;D:\source2\maven_new\org\apache\httpcomponents\httpcore-nio\4.4.10\httpcore-nio-4.4.10.jar;D:\source2\maven_new\org\elasticsearch\plugin\lang-mustache-client\6.4.2\lang-mustache-client-6.4.2.jar;D:\source2\maven_new\com\github\spullara\mustache\java\compiler\0.9.3\compiler-0.9.3.jar;D:\source2\maven_new\org\elasticsearch\plugin\percolator-client\6.4.2\percolator-client-6.4.2.jar;D:\source2\maven_new\org\elasticsearch\plugin\parent-join-client\6.4.2\parent-join-client-6.4.2.jar;D:\source2\maven_new\org\elasticsearch\plugin\rank-eval-client\6.4.2\rank-eval-client-6.4.2.jar;D:\source2\maven_new\com\fasterxml\jackson\core\jackson-core\2.9.7\jackson-core-2.9.7.jar;D:\source2\maven_new\org\elasticsearch\plugin\transport-netty4-client\6.4.2\transport-netty4-client-6.4.2.jar;D:\source2\maven_new\io\netty\netty-codec-http\4.1.29.Final\netty-codec-http-4.1.29.Final.jar;D:\source2\maven_new\org\springframework\boot\spring-boot-starter-test\2.1.0.RELEASE\spring-boot-starter-test-2.1.0.RELEASE.jar;D:\source2\maven_new\org\springframework\boot\spring-boot-test\2.1.0.RELEASE\spring-boot-test-2.1.0.RELEASE.jar;D:\source2\maven_new\org\springframework\boot\spring-boot-test-autoconfigure\2.1.0.RELEASE\spring-boot-test-autoconfigure-2.1.0.RELEASE.jar;D:\source2\maven_new\com\jayway\jsonpath\json-path\2.4.0\json-path-2.4.0.jar;D:\source2\maven_new\net\minidev\json-smart\2.3\json-smart-2.3.jar;D:\source2\maven_new\net\minidev\accessors-smart\1.2\accessors-smart-1.2.jar;D:\source2\maven_new\org\ow2\asm\asm\5.0.4\asm-5.0.4.jar;D:\source2\maven_new\junit\junit\4.12\junit-4.12.jar;D:\source2\maven_new\org\assertj\assertj-core\3.11.1\assertj-core-3.11.1.jar;D:\source2\maven_new\org\mockito\mockito-core\2.23.0\mockito-core-2.23.0.jar;D:\source2\maven_new\net\bytebuddy\byte-buddy\1.9.3\byte-buddy-1.9.3.jar;D:\source2\maven_new\net\bytebuddy\byte-buddy-agent\1.9.3\byte-buddy-agent-1.9.3.jar;D:\source2\maven_new\org\objenesis\objenesis\2.6\objenesis-2.6.jar;D:\source2\maven_new\org\hamcrest\hamcrest-core\1.3\hamcrest-core-1.3.jar;D:\source2\maven_new\org\hamcrest\hamcrest-library\1.3\hamcrest-library-1.3.jar;D:\source2\maven_new\org\skyscreamer\jsonassert\1.5.0\jsonassert-1.5.0.jar;D:\source2\maven_new\com\vaadin\external\google\android-json\0.0.20131108.vaadin1\android-json-0.0.20131108.vaadin1.jar;D:\source2\maven_new\org\springframework\spring-core\5.1.2.RELEASE\spring-core-5.1.2.RELEASE.jar;D:\source2\maven_new\org\springframework\spring-jcl\5.1.2.RELEASE\spring-jcl-5.1.2.RELEASE.jar;D:\source2\maven_new\org\springframework\spring-test\5.1.2.RELEASE\spring-test-5.1.2.RELEASE.jar;D:\source2\maven_new\org\xmlunit\xmlunit-core\2.6.2\xmlunit-core-2.6.2.jar;D:\source2\maven_new\com\alibaba\boot\dubbo-spring-boot-starter\0.2.0\dubbo-spring-boot-starter-0.2.0.jar;D:\source2\maven_new\org\apache\curator\curator-framework\2.12.0\curator-framework-2.12.0.jar;D:\source2\maven_new\org\apache\curator\curator-client\2.12.0\curator-client-2.12.0.jar;D:\source2\maven_new\com\google\guava\guava\16.0.1\guava-16.0.1.jar;D:\source2\maven_new\com\alibaba\boot\dubbo-spring-boot-autoconfigure\0.2.0\dubbo-spring-boot-autoconfigure-0.2.0.jar;D:\source2\maven_new\com\alibaba\dubbo\2.6.4\dubbo-2.6.4.jar;D:\source2\maven_new\org\springframework\spring-context\5.1.2.RELEASE\spring-context-5.1.2.RELEASE.jar;D:\source2\maven_new\org\javassist\javassist\3.20.0-GA\javassist-3.20.0-GA.jar;D:\source2\maven_new\org\jboss\netty\netty\3.2.5.Final\netty-3.2.5.Final.jar;D:\source2\maven_new\org\apache\commons\commons-lang3\3.7\commons-lang3-3.7.jar;D:\source2\maven_new\org\apache\zookeeper\zookeeper\3.4.13\zookeeper-3.4.13.jar;D:\source2\maven_new\org\slf4j\slf4j-log4j12\1.7.25\slf4j-log4j12-1.7.25.jar;D:\source2\maven_new\log4j\log4j\1.2.17\log4j-1.2.17.jar;D:\source2\maven_new\jline\jline\0.9.94\jline-0.9.94.jar;D:\source2\maven_new\org\apache\yetus\audience-annotations\0.5.0\audience-annotations-0.5.0.jar;D:\source2\maven_new\io\netty\netty\3.10.6.Final\netty-3.10.6.Final.jar;D:\source2\maven_new\com\github\sgroschupf\zkclient\0.1\zkclient-0.1.jar;D:\source2\maven_new\com\aliyun\oss\aliyun-sdk-oss\2.8.3\aliyun-sdk-oss-2.8.3.jar;D:\source2\maven_new\org\apache\httpcomponents\httpclient\4.5.6\httpclient-4.5.6.jar;D:\source2\maven_new\org\apache\httpcomponents\httpcore\4.4.10\httpcore-4.4.10.jar;D:\source2\maven_new\commons-codec\commons-codec\1.11\commons-codec-1.11.jar;D:\source2\maven_new\org\jdom\jdom\1.1\jdom-1.1.jar;D:\source2\maven_new\org\projectlombok\lombok\1.18.4\lombok-1.18.4.jar;D:\source2\maven_new\joda-time\joda-time\2.9.9\joda-time-2.9.9.jar;
2021-11-16 13:34:45.787  INFO 18816 --- [clientConnector] org.apache.zookeeper.ZooKeeper           : Client environment:java.library.path=C:\Program Files\Java\jdk1.8.0_212\jre\bin;C:\WINDOWS\Sun\Java\bin;C:\WINDOWS\system32;C:\WINDOWS;D:\vmware\bin\;D:\xshell\;C:\Program Files\Java\jdk1.8.0_212\bin;C:\Program Files (x86)\Common Files\Oracle\Java\javapath;C:\Windows\system32;C:\Windows;C:\Windows\System32\Wbem;C:\Windows\System32\WindowsPowerShell\v1.0\;C:\Windows\System32\OpenSSH\;C:\Program Files (x86)\NVIDIA Corporation\PhysX\Common;C:\Program Files\NVIDIA Corporation\NVIDIA NvDLISR;D:\source2\apache-maven-3.2.5\bin;C:\Program Files\TortoiseSVN\bin;C:\WINDOWS\system32;C:\WINDOWS;C:\WINDOWS\System32\Wbem;C:\WINDOWS\System32\WindowsPowerShell\v1.0\;C:\WINDOWS\System32\OpenSSH\;D:\xftp\;D:\source2\apache-maven-3.2.5\bin;C:\Program Files\Git\cmd;C:\linnvm\nvm;C:\linnodejs;C:\Users\Little Forest\AppData\Local\Yarn\bin;C:\Users\Little Forest\AppData\Local\Microsoft\WindowsApps;D:\通用软件\vscode\Microsoft VS Code\bin;C:\Program Files\Bandizip\;.
2021-11-16 13:34:45.788  INFO 18816 --- [clientConnector] org.apache.zookeeper.ZooKeeper           : Client environment:java.io.tmpdir=C:\Users\Little Forest\AppData\Local\Temp\
2021-11-16 13:34:45.788  INFO 18816 --- [clientConnector] org.apache.zookeeper.ZooKeeper           : Client environment:java.compiler=<NA>
2021-11-16 13:34:45.788  INFO 18816 --- [clientConnector] org.apache.zookeeper.ZooKeeper           : Client environment:os.name=Windows 10
2021-11-16 13:34:45.788  INFO 18816 --- [clientConnector] org.apache.zookeeper.ZooKeeper           : Client environment:os.arch=amd64
2021-11-16 13:34:45.788  INFO 18816 --- [clientConnector] org.apache.zookeeper.ZooKeeper           : Client environment:os.version=10.0
2021-11-16 13:34:45.788  INFO 18816 --- [clientConnector] org.apache.zookeeper.ZooKeeper           : Client environment:user.name=Little Forest
2021-11-16 13:34:45.788  INFO 18816 --- [clientConnector] org.apache.zookeeper.ZooKeeper           : Client environment:user.home=C:\Users\Little Forest
2021-11-16 13:34:45.788  INFO 18816 --- [clientConnector] org.apache.zookeeper.ZooKeeper           : Client environment:user.dir=D:\file\itcast-haoke-manage\zf-lin-manage\zf-lin-manage-api-server
2021-11-16 13:34:45.789  INFO 18816 --- [clientConnector] org.apache.zookeeper.ZooKeeper           : Initiating client connection, connectString=192.168.1.7:2181 sessionTimeout=30000 watcher=org.I0Itec.zkclient.ZkClient@3fa49ae1
2021-11-16 13:34:54.849  INFO 18816 --- [2.168.1.7:2181)] org.apache.zookeeper.ClientCnxn          : Opening socket connection to server 192.168.1.7/192.168.1.7:2181. Will not attempt to authenticate using SASL (unknown error)
2021-11-16 13:35:06.724  INFO 18816 --- [           main] c.a.d.c.s.b.f.a.ReferenceBeanBuilder     : <dubbo:reference singleton="true" interface="cn.zf.lin.dubbo.server.api.ApiAdService" uniqueServiceName="cn.zf.lin.dubbo.server.api.ApiAdService:1.0.0" generic="false" version="1.0.0" id="cn.zf.lin.dubbo.server.api.ApiAdService" /> has been built.
2021-11-16 13:35:06.747  INFO 18816 --- [           main] c.a.d.c.s.b.f.a.ReferenceBeanBuilder     : <dubbo:reference singleton="true" interface="cn.zf.lin.dubbo.server.api.ApiHouseResourcesService" uniqueServiceName="cn.zf.lin.dubbo.server.api.ApiHouseResourcesService:1.0.0" generic="false" version="1.0.0" id="cn.zf.lin.dubbo.server.api.ApiHouseResourcesService" /> has been built.
2021-11-16 13:35:08.407  INFO 18816 --- [           main] org.mongodb.driver.cluster               : Cluster created with settings {hosts=[120.56.195.135:27017], mode=SINGLE, requiredClusterType=UNKNOWN, serverSelectionTimeout='30000 ms', maxWaitQueueSize=500}
2021-11-16 13:35:10.271  INFO 18816 --- [           main] o.elasticsearch.plugins.PluginsService   : no modules loaded
2021-11-16 13:35:10.272  INFO 18816 --- [           main] o.elasticsearch.plugins.PluginsService   : loaded plugin [org.elasticsearch.index.reindex.ReindexPlugin]
2021-11-16 13:35:10.272  INFO 18816 --- [           main] o.elasticsearch.plugins.PluginsService   : loaded plugin [org.elasticsearch.join.ParentJoinPlugin]
2021-11-16 13:35:10.273  INFO 18816 --- [           main] o.elasticsearch.plugins.PluginsService   : loaded plugin [org.elasticsearch.percolator.PercolatorPlugin]
2021-11-16 13:35:10.273  INFO 18816 --- [           main] o.elasticsearch.plugins.PluginsService   : loaded plugin [org.elasticsearch.script.mustache.MustachePlugin]
2021-11-16 13:35:10.273  INFO 18816 --- [           main] o.elasticsearch.plugins.PluginsService   : loaded plugin [org.elasticsearch.transport.Netty4Plugin]
2021-11-16 13:35:12.938  WARN 18816 --- [           main] o.s.w.c.s.GenericWebApplicationContext   : Exception encountered during context initialization - cancelling refresh attempt: org.springframework.beans.factory.UnsatisfiedDependencyException: Error creating bean with name 'searchController': Unsatisfied dependency expressed through field 'searchService'; nested exception is org.springframework.beans.factory.UnsatisfiedDependencyException: Error creating bean with name 'searchService': Unsatisfied dependency expressed through field 'elasticsearchTemplate'; nested exception is org.springframework.beans.factory.UnsatisfiedDependencyException: Error creating bean with name 'elasticsearchTemplate' defined in class path resource [org/springframework/boot/autoconfigure/data/elasticsearch/ElasticsearchDataAutoConfiguration.class]: Unsatisfied dependency expressed through method 'elasticsearchTemplate' parameter 0; nested exception is org.springframework.beans.factory.BeanCreationException: Error creating bean with name 'elasticsearchClient' defined in class path resource [org/springframework/boot/autoconfigure/data/elasticsearch/ElasticsearchAutoConfiguration.class]: Bean instantiation via factory method failed; nested exception is org.springframework.beans.BeanInstantiationException: Failed to instantiate [org.elasticsearch.client.transport.TransportClient]: Factory method 'elasticsearchClient' threw exception; nested exception is java.lang.IllegalStateException: availableProcessors is already set to [12], rejecting [12]
2021-11-16 13:35:12.940  INFO 18816 --- [           main] o.s.s.concurrent.ThreadPoolTaskExecutor  : Shutting down ExecutorService
2021-11-16 13:35:12.941  INFO 18816 --- [           main] f.a.ReferenceAnnotationBeanPostProcessor : <dubbo:reference singleton="true" interface="cn.zf.lin.dubbo.server.api.ApiAdService" uniqueServiceName="cn.zf.lin.dubbo.server.api.ApiAdService:1.0.0" generic="false" version="1.0.0" id="cn.zf.lin.dubbo.server.api.ApiAdService" /> was destroying!
2021-11-16 13:35:12.942  INFO 18816 --- [           main] f.a.ReferenceAnnotationBeanPostProcessor : <dubbo:reference singleton="true" interface="cn.zf.lin.dubbo.server.api.ApiHouseResourcesService" uniqueServiceName="cn.zf.lin.dubbo.server.api.ApiHouseResourcesService:1.0.0" generic="false" version="1.0.0" id="cn.zf.lin.dubbo.server.api.ApiHouseResourcesService" /> was destroying!
2021-11-16 13:35:12.943  INFO 18816 --- [           main] f.a.ReferenceAnnotationBeanPostProcessor : class com.alibaba.dubbo.config.spring.beans.factory.annotation.ReferenceAnnotationBeanPostProcessor was destroying!
2021-11-16 13:35:12.949  INFO 18816 --- [           main] ConditionEvaluationReportLoggingListener : 

Error starting ApplicationContext. To display the conditions report re-run your application with 'debug' enabled.
2021-11-16 13:35:12.995 ERROR 18816 --- [           main] o.s.boot.SpringApplication               : Application run failed

org.springframework.beans.factory.UnsatisfiedDependencyException: Error creating bean with name 'searchController': Unsatisfied dependency expressed through field 'searchService'; nested exception is org.springframework.beans.factory.UnsatisfiedDependencyException: Error creating bean with name 'searchService': Unsatisfied dependency expressed through field 'elasticsearchTemplate'; nested exception is org.springframework.beans.factory.UnsatisfiedDependencyException: Error creating bean with name 'elasticsearchTemplate' defined in class path resource [org/springframework/boot/autoconfigure/data/elasticsearch/ElasticsearchDataAutoConfiguration.class]: Unsatisfied dependency expressed through method 'elasticsearchTemplate' parameter 0; nested exception is org.springframework.beans.factory.BeanCreationException: Error creating bean with name 'elasticsearchClient' defined in class path resource [org/springframework/boot/autoconfigure/data/elasticsearch/ElasticsearchAutoConfiguration.class]: Bean instantiation via factory method failed; nested exception is org.springframework.beans.BeanInstantiationException: Failed to instantiate [org.elasticsearch.client.transport.TransportClient]: Factory method 'elasticsearchClient' threw exception; nested exception is java.lang.IllegalStateException: availableProcessors is already set to [12], rejecting [12]
	at org.springframework.beans.factory.annotation.AutowiredAnnotationBeanPostProcessor$AutowiredFieldElement.inject(AutowiredAnnotationBeanPostProcessor.java:596) ~[spring-beans-5.1.2.RELEASE.jar:5.1.2.RELEASE]
	at org.springframework.beans.factory.annotation.InjectionMetadata.inject(InjectionMetadata.java:90) ~[spring-beans-5.1.2.RELEASE.jar:5.1.2.RELEASE]
	at org.springframework.beans.factory.annotation.AutowiredAnnotationBeanPostProcessor.postProcessProperties(AutowiredAnnotationBeanPostProcessor.java:374) ~[spring-beans-5.1.2.RELEASE.jar:5.1.2.RELEASE]
	at org.springframework.beans.factory.support.AbstractAutowireCapableBeanFactory.populateBean(AbstractAutowireCapableBeanFactory.java:1378) ~[spring-beans-5.1.2.RELEASE.jar:5.1.2.RELEASE]
	at org.springframework.beans.factory.support.AbstractAutowireCapableBeanFactory.doCreateBean(AbstractAutowireCapableBeanFactory.java:575) ~[spring-beans-5.1.2.RELEASE.jar:5.1.2.RELEASE]
	at org.springframework.beans.factory.support.AbstractAutowireCapableBeanFactory.createBean(AbstractAutowireCapableBeanFactory.java:498) ~[spring-beans-5.1.2.RELEASE.jar:5.1.2.RELEASE]
	at org.springframework.beans.factory.support.AbstractBeanFactory.lambda$doGetBean$0(AbstractBeanFactory.java:320) ~[spring-beans-5.1.2.RELEASE.jar:5.1.2.RELEASE]
	at org.springframework.beans.factory.support.DefaultSingletonBeanRegistry.getSingleton(DefaultSingletonBeanRegistry.java:222) ~[spring-beans-5.1.2.RELEASE.jar:5.1.2.RELEASE]
	at org.springframework.beans.factory.support.AbstractBeanFactory.doGetBean(AbstractBeanFactory.java:318) ~[spring-beans-5.1.2.RELEASE.jar:5.1.2.RELEASE]
	at org.springframework.beans.factory.support.AbstractBeanFactory.getBean(AbstractBeanFactory.java:199) ~[spring-beans-5.1.2.RELEASE.jar:5.1.2.RELEASE]
	at org.springframework.beans.factory.support.DefaultListableBeanFactory.preInstantiateSingletons(DefaultListableBeanFactory.java:846) ~[spring-beans-5.1.2.RELEASE.jar:5.1.2.RELEASE]
	at org.springframework.context.support.AbstractApplicationContext.finishBeanFactoryInitialization(AbstractApplicationContext.java:863) ~[spring-context-5.1.2.RELEASE.jar:5.1.2.RELEASE]
	at org.springframework.context.support.AbstractApplicationContext.refresh(AbstractApplicationContext.java:546) ~[spring-context-5.1.2.RELEASE.jar:5.1.2.RELEASE]
	at org.springframework.boot.SpringApplication.refresh(SpringApplication.java:775) ~[spring-boot-2.1.0.RELEASE.jar:2.1.0.RELEASE]
	at org.springframework.boot.SpringApplication.refreshContext(SpringApplication.java:397) ~[spring-boot-2.1.0.RELEASE.jar:2.1.0.RELEASE]
	at org.springframework.boot.SpringApplication.run(SpringApplication.java:316) ~[spring-boot-2.1.0.RELEASE.jar:2.1.0.RELEASE]
	at org.springframework.boot.test.context.SpringBootContextLoader.loadContext(SpringBootContextLoader.java:127) [spring-boot-test-2.1.0.RELEASE.jar:2.1.0.RELEASE]
	at org.springframework.test.context.cache.DefaultCacheAwareContextLoaderDelegate.loadContextInternal(DefaultCacheAwareContextLoaderDelegate.java:99) [spring-test-5.1.2.RELEASE.jar:5.1.2.RELEASE]
	at org.springframework.test.context.cache.DefaultCacheAwareContextLoaderDelegate.loadContext(DefaultCacheAwareContextLoaderDelegate.java:117) [spring-test-5.1.2.RELEASE.jar:5.1.2.RELEASE]
	at org.springframework.test.context.support.DefaultTestContext.getApplicationContext(DefaultTestContext.java:108) [spring-test-5.1.2.RELEASE.jar:5.1.2.RELEASE]
	at org.springframework.test.context.web.ServletTestExecutionListener.setUpRequestContextIfNecessary(ServletTestExecutionListener.java:190) [spring-test-5.1.2.RELEASE.jar:5.1.2.RELEASE]
	at org.springframework.test.context.web.ServletTestExecutionListener.prepareTestInstance(ServletTestExecutionListener.java:132) [spring-test-5.1.2.RELEASE.jar:5.1.2.RELEASE]
	at org.springframework.test.context.TestContextManager.prepareTestInstance(TestContextManager.java:246) [spring-test-5.1.2.RELEASE.jar:5.1.2.RELEASE]
	at org.springframework.test.context.junit4.SpringJUnit4ClassRunner.createTest(SpringJUnit4ClassRunner.java:227) [spring-test-5.1.2.RELEASE.jar:5.1.2.RELEASE]
	at org.springframework.test.context.junit4.SpringJUnit4ClassRunner$1.runReflectiveCall(SpringJUnit4ClassRunner.java:289) [spring-test-5.1.2.RELEASE.jar:5.1.2.RELEASE]
	at org.junit.internal.runners.model.ReflectiveCallable.run(ReflectiveCallable.java:12) [junit-4.12.jar:4.12]
	at org.springframework.test.context.junit4.SpringJUnit4ClassRunner.methodBlock(SpringJUnit4ClassRunner.java:291) [spring-test-5.1.2.RELEASE.jar:5.1.2.RELEASE]
	at org.springframework.test.context.junit4.SpringJUnit4ClassRunner.runChild(SpringJUnit4ClassRunner.java:246) [spring-test-5.1.2.RELEASE.jar:5.1.2.RELEASE]
	at org.springframework.test.context.junit4.SpringJUnit4ClassRunner.runChild(SpringJUnit4ClassRunner.java:97) [spring-test-5.1.2.RELEASE.jar:5.1.2.RELEASE]
	at org.junit.runners.ParentRunner$3.run(ParentRunner.java:290) [junit-4.12.jar:4.12]
	at org.junit.runners.ParentRunner$1.schedule(ParentRunner.java:71) [junit-4.12.jar:4.12]
	at org.junit.runners.ParentRunner.runChildren(ParentRunner.java:288) [junit-4.12.jar:4.12]
	at org.junit.runners.ParentRunner.access$000(ParentRunner.java:58) [junit-4.12.jar:4.12]
	at org.junit.runners.ParentRunner$2.evaluate(ParentRunner.java:268) [junit-4.12.jar:4.12]
	at org.springframework.test.context.junit4.statements.RunBeforeTestClassCallbacks.evaluate(RunBeforeTestClassCallbacks.java:61) [spring-test-5.1.2.RELEASE.jar:5.1.2.RELEASE]
	at org.springframework.test.context.junit4.statements.RunAfterTestClassCallbacks.evaluate(RunAfterTestClassCallbacks.java:70) [spring-test-5.1.2.RELEASE.jar:5.1.2.RELEASE]
	at org.junit.runners.ParentRunner.run(ParentRunner.java:363) [junit-4.12.jar:4.12]
	at org.springframework.test.context.junit4.SpringJUnit4ClassRunner.run(SpringJUnit4ClassRunner.java:190) [spring-test-5.1.2.RELEASE.jar:5.1.2.RELEASE]
	at org.apache.maven.surefire.junit4.JUnit4Provider.execute(JUnit4Provider.java:365) [surefire-junit4-2.22.1.jar:2.22.1]
	at org.apache.maven.surefire.junit4.JUnit4Provider.executeWithRerun(JUnit4Provider.java:273) [surefire-junit4-2.22.1.jar:2.22.1]
	at org.apache.maven.surefire.junit4.JUnit4Provider.executeTestSet(JUnit4Provider.java:238) [surefire-junit4-2.22.1.jar:2.22.1]
	at org.apache.maven.surefire.junit4.JUnit4Provider.invoke(JUnit4Provider.java:159) [surefire-junit4-2.22.1.jar:2.22.1]
	at org.apache.maven.surefire.booter.ForkedBooter.invokeProviderInSameClassLoader(ForkedBooter.java:384) [surefire-booter-2.22.1.jar:2.22.1]
	at org.apache.maven.surefire.booter.ForkedBooter.runSuitesInProcess(ForkedBooter.java:345) [surefire-booter-2.22.1.jar:2.22.1]
	at org.apache.maven.surefire.booter.ForkedBooter.execute(ForkedBooter.java:126) [surefire-booter-2.22.1.jar:2.22.1]
	at org.apache.maven.surefire.booter.ForkedBooter.main(ForkedBooter.java:418) [surefire-booter-2.22.1.jar:2.22.1]
Caused by: org.springframework.beans.factory.UnsatisfiedDependencyException: Error creating bean with name 'searchService': Unsatisfied dependency expressed through field 'elasticsearchTemplate'; nested exception is org.springframework.beans.factory.UnsatisfiedDependencyException: Error creating bean with name 'elasticsearchTemplate' defined in class path resource [org/springframework/boot/autoconfigure/data/elasticsearch/ElasticsearchDataAutoConfiguration.class]: Unsatisfied dependency expressed through method 'elasticsearchTemplate' parameter 0; nested exception is org.springframework.beans.factory.BeanCreationException: Error creating bean with name 'elasticsearchClient' defined in class path resource [org/springframework/boot/autoconfigure/data/elasticsearch/ElasticsearchAutoConfiguration.class]: Bean instantiation via factory method failed; nested exception is org.springframework.beans.BeanInstantiationException: Failed to instantiate [org.elasticsearch.client.transport.TransportClient]: Factory method 'elasticsearchClient' threw exception; nested exception is java.lang.IllegalStateException: availableProcessors is already set to [12], rejecting [12]
	at org.springframework.beans.factory.annotation.AutowiredAnnotationBeanPostProcessor$AutowiredFieldElement.inject(AutowiredAnnotationBeanPostProcessor.java:596) ~[spring-beans-5.1.2.RELEASE.jar:5.1.2.RELEASE]
	at org.springframework.beans.factory.annotation.InjectionMetadata.inject(InjectionMetadata.java:90) ~[spring-beans-5.1.2.RELEASE.jar:5.1.2.RELEASE]
	at org.springframework.beans.factory.annotation.AutowiredAnnotationBeanPostProcessor.postProcessProperties(AutowiredAnnotationBeanPostProcessor.java:374) ~[spring-beans-5.1.2.RELEASE.jar:5.1.2.RELEASE]
	at org.springframework.beans.factory.support.AbstractAutowireCapableBeanFactory.populateBean(AbstractAutowireCapableBeanFactory.java:1378) ~[spring-beans-5.1.2.RELEASE.jar:5.1.2.RELEASE]
	at org.springframework.beans.factory.support.AbstractAutowireCapableBeanFactory.doCreateBean(AbstractAutowireCapableBeanFactory.java:575) ~[spring-beans-5.1.2.RELEASE.jar:5.1.2.RELEASE]
	at org.springframework.beans.factory.support.AbstractAutowireCapableBeanFactory.createBean(AbstractAutowireCapableBeanFactory.java:498) ~[spring-beans-5.1.2.RELEASE.jar:5.1.2.RELEASE]
	at org.springframework.beans.factory.support.AbstractBeanFactory.lambda$doGetBean$0(AbstractBeanFactory.java:320) ~[spring-beans-5.1.2.RELEASE.jar:5.1.2.RELEASE]
	at org.springframework.beans.factory.support.DefaultSingletonBeanRegistry.getSingleton(DefaultSingletonBeanRegistry.java:222) ~[spring-beans-5.1.2.RELEASE.jar:5.1.2.RELEASE]
	at org.springframework.beans.factory.support.AbstractBeanFactory.doGetBean(AbstractBeanFactory.java:318) ~[spring-beans-5.1.2.RELEASE.jar:5.1.2.RELEASE]
	at org.springframework.beans.factory.support.AbstractBeanFactory.getBean(AbstractBeanFactory.java:199) ~[spring-beans-5.1.2.RELEASE.jar:5.1.2.RELEASE]
	at org.springframework.beans.factory.config.DependencyDescriptor.resolveCandidate(DependencyDescriptor.java:273) ~[spring-beans-5.1.2.RELEASE.jar:5.1.2.RELEASE]
	at org.springframework.beans.factory.support.DefaultListableBeanFactory.doResolveDependency(DefaultListableBeanFactory.java:1239) ~[spring-beans-5.1.2.RELEASE.jar:5.1.2.RELEASE]
	at org.springframework.beans.factory.support.DefaultListableBeanFactory.resolveDependency(DefaultListableBeanFactory.java:1166) ~[spring-beans-5.1.2.RELEASE.jar:5.1.2.RELEASE]
	at org.springframework.beans.factory.annotation.AutowiredAnnotationBeanPostProcessor$AutowiredFieldElement.inject(AutowiredAnnotationBeanPostProcessor.java:593) ~[spring-beans-5.1.2.RELEASE.jar:5.1.2.RELEASE]
	... 45 common frames omitted
Caused by: org.springframework.beans.factory.UnsatisfiedDependencyException: Error creating bean with name 'elasticsearchTemplate' defined in class path resource [org/springframework/boot/autoconfigure/data/elasticsearch/ElasticsearchDataAutoConfiguration.class]: Unsatisfied dependency expressed through method 'elasticsearchTemplate' parameter 0; nested exception is org.springframework.beans.factory.BeanCreationException: Error creating bean with name 'elasticsearchClient' defined in class path resource [org/springframework/boot/autoconfigure/data/elasticsearch/ElasticsearchAutoConfiguration.class]: Bean instantiation via factory method failed; nested exception is org.springframework.beans.BeanInstantiationException: Failed to instantiate [org.elasticsearch.client.transport.TransportClient]: Factory method 'elasticsearchClient' threw exception; nested exception is java.lang.IllegalStateException: availableProcessors is already set to [12], rejecting [12]
	at org.springframework.beans.factory.support.ConstructorResolver.createArgumentArray(ConstructorResolver.java:767) ~[spring-beans-5.1.2.RELEASE.jar:5.1.2.RELEASE]
	at org.springframework.beans.factory.support.ConstructorResolver.instantiateUsingFactoryMethod(ConstructorResolver.java:508) ~[spring-beans-5.1.2.RELEASE.jar:5.1.2.RELEASE]
	at org.springframework.beans.factory.support.AbstractAutowireCapableBeanFactory.instantiateUsingFactoryMethod(AbstractAutowireCapableBeanFactory.java:1288) ~[spring-beans-5.1.2.RELEASE.jar:5.1.2.RELEASE]
	at org.springframework.beans.factory.support.AbstractAutowireCapableBeanFactory.createBeanInstance(AbstractAutowireCapableBeanFactory.java:1127) ~[spring-beans-5.1.2.RELEASE.jar:5.1.2.RELEASE]
	at org.springframework.beans.factory.support.AbstractAutowireCapableBeanFactory.doCreateBean(AbstractAutowireCapableBeanFactory.java:538) ~[spring-beans-5.1.2.RELEASE.jar:5.1.2.RELEASE]
	at org.springframework.beans.factory.support.AbstractAutowireCapableBeanFactory.createBean(AbstractAutowireCapableBeanFactory.java:498) ~[spring-beans-5.1.2.RELEASE.jar:5.1.2.RELEASE]
	at org.springframework.beans.factory.support.AbstractBeanFactory.lambda$doGetBean$0(AbstractBeanFactory.java:320) ~[spring-beans-5.1.2.RELEASE.jar:5.1.2.RELEASE]
	at org.springframework.beans.factory.support.DefaultSingletonBeanRegistry.getSingleton(DefaultSingletonBeanRegistry.java:222) ~[spring-beans-5.1.2.RELEASE.jar:5.1.2.RELEASE]
	at org.springframework.beans.factory.support.AbstractBeanFactory.doGetBean(AbstractBeanFactory.java:318) ~[spring-beans-5.1.2.RELEASE.jar:5.1.2.RELEASE]
	at org.springframework.beans.factory.support.AbstractBeanFactory.getBean(AbstractBeanFactory.java:199) ~[spring-beans-5.1.2.RELEASE.jar:5.1.2.RELEASE]
	at org.springframework.beans.factory.config.DependencyDescriptor.resolveCandidate(DependencyDescriptor.java:273) ~[spring-beans-5.1.2.RELEASE.jar:5.1.2.RELEASE]
	at org.springframework.beans.factory.support.DefaultListableBeanFactory.doResolveDependency(DefaultListableBeanFactory.java:1239) ~[spring-beans-5.1.2.RELEASE.jar:5.1.2.RELEASE]
	at org.springframework.beans.factory.support.DefaultListableBeanFactory.resolveDependency(DefaultListableBeanFactory.java:1166) ~[spring-beans-5.1.2.RELEASE.jar:5.1.2.RELEASE]
	at org.springframework.beans.factory.annotation.AutowiredAnnotationBeanPostProcessor$AutowiredFieldElement.inject(AutowiredAnnotationBeanPostProcessor.java:593) ~[spring-beans-5.1.2.RELEASE.jar:5.1.2.RELEASE]
	... 58 common frames omitted
Caused by: org.springframework.beans.factory.BeanCreationException: Error creating bean with name 'elasticsearchClient' defined in class path resource [org/springframework/boot/autoconfigure/data/elasticsearch/ElasticsearchAutoConfiguration.class]: Bean instantiation via factory method failed; nested exception is org.springframework.beans.BeanInstantiationException: Failed to instantiate [org.elasticsearch.client.transport.TransportClient]: Factory method 'elasticsearchClient' threw exception; nested exception is java.lang.IllegalStateException: availableProcessors is already set to [12], rejecting [12]
	at org.springframework.beans.factory.support.ConstructorResolver.instantiate(ConstructorResolver.java:625) ~[spring-beans-5.1.2.RELEASE.jar:5.1.2.RELEASE]
	at org.springframework.beans.factory.support.ConstructorResolver.instantiateUsingFactoryMethod(ConstructorResolver.java:455) ~[spring-beans-5.1.2.RELEASE.jar:5.1.2.RELEASE]
	at org.springframework.beans.factory.support.AbstractAutowireCapableBeanFactory.instantiateUsingFactoryMethod(AbstractAutowireCapableBeanFactory.java:1288) ~[spring-beans-5.1.2.RELEASE.jar:5.1.2.RELEASE]
	at org.springframework.beans.factory.support.AbstractAutowireCapableBeanFactory.createBeanInstance(AbstractAutowireCapableBeanFactory.java:1127) ~[spring-beans-5.1.2.RELEASE.jar:5.1.2.RELEASE]
	at org.springframework.beans.factory.support.AbstractAutowireCapableBeanFactory.doCreateBean(AbstractAutowireCapableBeanFactory.java:538) ~[spring-beans-5.1.2.RELEASE.jar:5.1.2.RELEASE]
	at org.springframework.beans.factory.support.AbstractAutowireCapableBeanFactory.createBean(AbstractAutowireCapableBeanFactory.java:498) ~[spring-beans-5.1.2.RELEASE.jar:5.1.2.RELEASE]
	at org.springframework.beans.factory.support.AbstractBeanFactory.lambda$doGetBean$0(AbstractBeanFactory.java:320) ~[spring-beans-5.1.2.RELEASE.jar:5.1.2.RELEASE]
	at org.springframework.beans.factory.support.DefaultSingletonBeanRegistry.getSingleton(DefaultSingletonBeanRegistry.java:222) ~[spring-beans-5.1.2.RELEASE.jar:5.1.2.RELEASE]
	at org.springframework.beans.factory.support.AbstractBeanFactory.doGetBean(AbstractBeanFactory.java:318) ~[spring-beans-5.1.2.RELEASE.jar:5.1.2.RELEASE]
	at org.springframework.beans.factory.support.AbstractBeanFactory.getBean(AbstractBeanFactory.java:199) ~[spring-beans-5.1.2.RELEASE.jar:5.1.2.RELEASE]
	at org.springframework.beans.factory.config.DependencyDescriptor.resolveCandidate(DependencyDescriptor.java:273) ~[spring-beans-5.1.2.RELEASE.jar:5.1.2.RELEASE]
	at org.springframework.beans.factory.support.DefaultListableBeanFactory.doResolveDependency(DefaultListableBeanFactory.java:1239) ~[spring-beans-5.1.2.RELEASE.jar:5.1.2.RELEASE]
	at org.springframework.beans.factory.support.DefaultListableBeanFactory.resolveDependency(DefaultListableBeanFactory.java:1166) ~[spring-beans-5.1.2.RELEASE.jar:5.1.2.RELEASE]
	at org.springframework.beans.factory.support.ConstructorResolver.resolveAutowiredArgument(ConstructorResolver.java:855) ~[spring-beans-5.1.2.RELEASE.jar:5.1.2.RELEASE]
	at org.springframework.beans.factory.support.ConstructorResolver.createArgumentArray(ConstructorResolver.java:758) ~[spring-beans-5.1.2.RELEASE.jar:5.1.2.RELEASE]
	... 71 common frames omitted
Caused by: org.springframework.beans.BeanInstantiationException: Failed to instantiate [org.elasticsearch.client.transport.TransportClient]: Factory method 'elasticsearchClient' threw exception; nested exception is java.lang.IllegalStateException: availableProcessors is already set to [12], rejecting [12]
	at org.springframework.beans.factory.support.SimpleInstantiationStrategy.instantiate(SimpleInstantiationStrategy.java:185) ~[spring-beans-5.1.2.RELEASE.jar:5.1.2.RELEASE]
	at org.springframework.beans.factory.support.ConstructorResolver.instantiate(ConstructorResolver.java:620) ~[spring-beans-5.1.2.RELEASE.jar:5.1.2.RELEASE]
	... 85 common frames omitted
Caused by: java.lang.IllegalStateException: availableProcessors is already set to [12], rejecting [12]
	at io.netty.util.NettyRuntime$AvailableProcessorsHolder.setAvailableProcessors(NettyRuntime.java:51) ~[netty-common-4.1.29.Final.jar:4.1.29.Final]
	at io.netty.util.NettyRuntime.setAvailableProcessors(NettyRuntime.java:87) ~[netty-common-4.1.29.Final.jar:4.1.29.Final]
	at org.elasticsearch.transport.netty4.Netty4Utils.setAvailableProcessors(Netty4Utils.java:83) ~[transport-netty4-client-6.4.2.jar:6.4.2]
	at org.elasticsearch.transport.netty4.Netty4Transport.<init>(Netty4Transport.java:112) ~[transport-netty4-client-6.4.2.jar:6.4.2]
	at org.elasticsearch.transport.Netty4Plugin.lambda$getTransports$0(Netty4Plugin.java:86) ~[transport-netty4-client-6.4.2.jar:6.4.2]
	at org.elasticsearch.client.transport.TransportClient.buildTemplate(TransportClient.java:189) ~[elasticsearch-6.4.2.jar:6.4.2]
	at org.elasticsearch.client.transport.TransportClient.<init>(TransportClient.java:283) ~[elasticsearch-6.4.2.jar:6.4.2]
	at org.elasticsearch.transport.client.PreBuiltTransportClient.<init>(PreBuiltTransportClient.java:128) ~[transport-6.4.2.jar:6.4.2]
	at org.elasticsearch.transport.client.PreBuiltTransportClient.<init>(PreBuiltTransportClient.java:114) ~[transport-6.4.2.jar:6.4.2]
	at org.elasticsearch.transport.client.PreBuiltTransportClient.<init>(PreBuiltTransportClient.java:104) ~[transport-6.4.2.jar:6.4.2]
	at org.springframework.data.elasticsearch.client.TransportClientFactoryBean.buildClient(TransportClientFactoryBean.java:85) ~[spring-data-elasticsearch-3.1.2.RELEASE.jar:3.1.2.RELEASE]
	at org.springframework.data.elasticsearch.client.TransportClientFactoryBean.afterPropertiesSet(TransportClientFactoryBean.java:80) ~[spring-data-elasticsearch-3.1.2.RELEASE.jar:3.1.2.RELEASE]
	at org.springframework.boot.autoconfigure.data.elasticsearch.ElasticsearchAutoConfiguration.elasticsearchClient(ElasticsearchAutoConfiguration.java:59) ~[spring-boot-autoconfigure-2.1.0.RELEASE.jar:2.1.0.RELEASE]
	at org.springframework.boot.autoconfigure.data.elasticsearch.ElasticsearchAutoConfiguration$$EnhancerBySpringCGLIB$$508dd8f4.CGLIB$elasticsearchClient$0(<generated>) ~[spring-boot-autoconfigure-2.1.0.RELEASE.jar:2.1.0.RELEASE]
	at org.springframework.boot.autoconfigure.data.elasticsearch.ElasticsearchAutoConfiguration$$EnhancerBySpringCGLIB$$508dd8f4$$FastClassBySpringCGLIB$$fa68ab8f.invoke(<generated>) ~[spring-boot-autoconfigure-2.1.0.RELEASE.jar:2.1.0.RELEASE]
	at org.springframework.cglib.proxy.MethodProxy.invokeSuper(MethodProxy.java:244) ~[spring-core-5.1.2.RELEASE.jar:5.1.2.RELEASE]
	at org.springframework.context.annotation.ConfigurationClassEnhancer$BeanMethodInterceptor.intercept(ConfigurationClassEnhancer.java:363) ~[spring-context-5.1.2.RELEASE.jar:5.1.2.RELEASE]
	at org.springframework.boot.autoconfigure.data.elasticsearch.ElasticsearchAutoConfiguration$$EnhancerBySpringCGLIB$$508dd8f4.elasticsearchClient(<generated>) ~[spring-boot-autoconfigure-2.1.0.RELEASE.jar:2.1.0.RELEASE]
	at sun.reflect.NativeMethodAccessorImpl.invoke0(Native Method) ~[na:1.8.0_212]
	at sun.reflect.NativeMethodAccessorImpl.invoke(NativeMethodAccessorImpl.java:62) ~[na:1.8.0_212]
	at sun.reflect.DelegatingMethodAccessorImpl.invoke(DelegatingMethodAccessorImpl.java:43) ~[na:1.8.0_212]
	at java.lang.reflect.Method.invoke(Method.java:498) ~[na:1.8.0_212]
	at org.springframework.beans.factory.support.SimpleInstantiationStrategy.instantiate(SimpleInstantiationStrategy.java:154) ~[spring-beans-5.1.2.RELEASE.jar:5.1.2.RELEASE]
	... 86 common frames omitted

2021-11-16 13:35:12.999 ERROR 18816 --- [           main] o.s.test.context.TestContextManager      : Caught exception while allowing TestExecutionListener [org.springframework.test.context.web.ServletTestExecutionListener@2e1d27ba] to prepare test instance [cn.zf.lin.dubbo.api.TestRedis@59371066]

java.lang.IllegalStateException: Failed to load ApplicationContext
	at org.springframework.test.context.cache.DefaultCacheAwareContextLoaderDelegate.loadContext(DefaultCacheAwareContextLoaderDelegate.java:125) ~[spring-test-5.1.2.RELEASE.jar:5.1.2.RELEASE]
	at org.springframework.test.context.support.DefaultTestContext.getApplicationContext(DefaultTestContext.java:108) ~[spring-test-5.1.2.RELEASE.jar:5.1.2.RELEASE]
	at org.springframework.test.context.web.ServletTestExecutionListener.setUpRequestContextIfNecessary(ServletTestExecutionListener.java:190) ~[spring-test-5.1.2.RELEASE.jar:5.1.2.RELEASE]
	at org.springframework.test.context.web.ServletTestExecutionListener.prepareTestInstance(ServletTestExecutionListener.java:132) ~[spring-test-5.1.2.RELEASE.jar:5.1.2.RELEASE]
	at org.springframework.test.context.TestContextManager.prepareTestInstance(TestContextManager.java:246) ~[spring-test-5.1.2.RELEASE.jar:5.1.2.RELEASE]
	at org.springframework.test.context.junit4.SpringJUnit4ClassRunner.createTest(SpringJUnit4ClassRunner.java:227) [spring-test-5.1.2.RELEASE.jar:5.1.2.RELEASE]
	at org.springframework.test.context.junit4.SpringJUnit4ClassRunner$1.runReflectiveCall(SpringJUnit4ClassRunner.java:289) [spring-test-5.1.2.RELEASE.jar:5.1.2.RELEASE]
	at org.junit.internal.runners.model.ReflectiveCallable.run(ReflectiveCallable.java:12) [junit-4.12.jar:4.12]
	at org.springframework.test.context.junit4.SpringJUnit4ClassRunner.methodBlock(SpringJUnit4ClassRunner.java:291) [spring-test-5.1.2.RELEASE.jar:5.1.2.RELEASE]
	at org.springframework.test.context.junit4.SpringJUnit4ClassRunner.runChild(SpringJUnit4ClassRunner.java:246) [spring-test-5.1.2.RELEASE.jar:5.1.2.RELEASE]
	at org.springframework.test.context.junit4.SpringJUnit4ClassRunner.runChild(SpringJUnit4ClassRunner.java:97) [spring-test-5.1.2.RELEASE.jar:5.1.2.RELEASE]
	at org.junit.runners.ParentRunner$3.run(ParentRunner.java:290) [junit-4.12.jar:4.12]
	at org.junit.runners.ParentRunner$1.schedule(ParentRunner.java:71) [junit-4.12.jar:4.12]
	at org.junit.runners.ParentRunner.runChildren(ParentRunner.java:288) [junit-4.12.jar:4.12]
	at org.junit.runners.ParentRunner.access$000(ParentRunner.java:58) [junit-4.12.jar:4.12]
	at org.junit.runners.ParentRunner$2.evaluate(ParentRunner.java:268) [junit-4.12.jar:4.12]
	at org.springframework.test.context.junit4.statements.RunBeforeTestClassCallbacks.evaluate(RunBeforeTestClassCallbacks.java:61) [spring-test-5.1.2.RELEASE.jar:5.1.2.RELEASE]
	at org.springframework.test.context.junit4.statements.RunAfterTestClassCallbacks.evaluate(RunAfterTestClassCallbacks.java:70) [spring-test-5.1.2.RELEASE.jar:5.1.2.RELEASE]
	at org.junit.runners.ParentRunner.run(ParentRunner.java:363) [junit-4.12.jar:4.12]
	at org.springframework.test.context.junit4.SpringJUnit4ClassRunner.run(SpringJUnit4ClassRunner.java:190) [spring-test-5.1.2.RELEASE.jar:5.1.2.RELEASE]
	at org.apache.maven.surefire.junit4.JUnit4Provider.execute(JUnit4Provider.java:365) [surefire-junit4-2.22.1.jar:2.22.1]
	at org.apache.maven.surefire.junit4.JUnit4Provider.executeWithRerun(JUnit4Provider.java:273) [surefire-junit4-2.22.1.jar:2.22.1]
	at org.apache.maven.surefire.junit4.JUnit4Provider.executeTestSet(JUnit4Provider.java:238) [surefire-junit4-2.22.1.jar:2.22.1]
	at org.apache.maven.surefire.junit4.JUnit4Provider.invoke(JUnit4Provider.java:159) [surefire-junit4-2.22.1.jar:2.22.1]
	at org.apache.maven.surefire.booter.ForkedBooter.invokeProviderInSameClassLoader(ForkedBooter.java:384) [surefire-booter-2.22.1.jar:2.22.1]
	at org.apache.maven.surefire.booter.ForkedBooter.runSuitesInProcess(ForkedBooter.java:345) [surefire-booter-2.22.1.jar:2.22.1]
	at org.apache.maven.surefire.booter.ForkedBooter.execute(ForkedBooter.java:126) [surefire-booter-2.22.1.jar:2.22.1]
	at org.apache.maven.surefire.booter.ForkedBooter.main(ForkedBooter.java:418) [surefire-booter-2.22.1.jar:2.22.1]
Caused by: org.springframework.beans.factory.UnsatisfiedDependencyException: Error creating bean with name 'searchController': Unsatisfied dependency expressed through field 'searchService'; nested exception is org.springframework.beans.factory.UnsatisfiedDependencyException: Error creating bean with name 'searchService': Unsatisfied dependency expressed through field 'elasticsearchTemplate'; nested exception is org.springframework.beans.factory.UnsatisfiedDependencyException: Error creating bean with name 'elasticsearchTemplate' defined in class path resource [org/springframework/boot/autoconfigure/data/elasticsearch/ElasticsearchDataAutoConfiguration.class]: Unsatisfied dependency expressed through method 'elasticsearchTemplate' parameter 0; nested exception is org.springframework.beans.factory.BeanCreationException: Error creating bean with name 'elasticsearchClient' defined in class path resource [org/springframework/boot/autoconfigure/data/elasticsearch/ElasticsearchAutoConfiguration.class]: Bean instantiation via factory method failed; nested exception is org.springframework.beans.BeanInstantiationException: Failed to instantiate [org.elasticsearch.client.transport.TransportClient]: Factory method 'elasticsearchClient' threw exception; nested exception is java.lang.IllegalStateException: availableProcessors is already set to [12], rejecting [12]
	at org.springframework.beans.factory.annotation.AutowiredAnnotationBeanPostProcessor$AutowiredFieldElement.inject(AutowiredAnnotationBeanPostProcessor.java:596) ~[spring-beans-5.1.2.RELEASE.jar:5.1.2.RELEASE]
	at org.springframework.beans.factory.annotation.InjectionMetadata.inject(InjectionMetadata.java:90) ~[spring-beans-5.1.2.RELEASE.jar:5.1.2.RELEASE]
	at org.springframework.beans.factory.annotation.AutowiredAnnotationBeanPostProcessor.postProcessProperties(AutowiredAnnotationBeanPostProcessor.java:374) ~[spring-beans-5.1.2.RELEASE.jar:5.1.2.RELEASE]
	at org.springframework.beans.factory.support.AbstractAutowireCapableBeanFactory.populateBean(AbstractAutowireCapableBeanFactory.java:1378) ~[spring-beans-5.1.2.RELEASE.jar:5.1.2.RELEASE]
	at org.springframework.beans.factory.support.AbstractAutowireCapableBeanFactory.doCreateBean(AbstractAutowireCapableBeanFactory.java:575) ~[spring-beans-5.1.2.RELEASE.jar:5.1.2.RELEASE]
	at org.springframework.beans.factory.support.AbstractAutowireCapableBeanFactory.createBean(AbstractAutowireCapableBeanFactory.java:498) ~[spring-beans-5.1.2.RELEASE.jar:5.1.2.RELEASE]
	at org.springframework.beans.factory.support.AbstractBeanFactory.lambda$doGetBean$0(AbstractBeanFactory.java:320) ~[spring-beans-5.1.2.RELEASE.jar:5.1.2.RELEASE]
	at org.springframework.beans.factory.support.DefaultSingletonBeanRegistry.getSingleton(DefaultSingletonBeanRegistry.java:222) ~[spring-beans-5.1.2.RELEASE.jar:5.1.2.RELEASE]
	at org.springframework.beans.factory.support.AbstractBeanFactory.doGetBean(AbstractBeanFactory.java:318) ~[spring-beans-5.1.2.RELEASE.jar:5.1.2.RELEASE]
	at org.springframework.beans.factory.support.AbstractBeanFactory.getBean(AbstractBeanFactory.java:199) ~[spring-beans-5.1.2.RELEASE.jar:5.1.2.RELEASE]
	at org.springframework.beans.factory.support.DefaultListableBeanFactory.preInstantiateSingletons(DefaultListableBeanFactory.java:846) ~[spring-beans-5.1.2.RELEASE.jar:5.1.2.RELEASE]
	at org.springframework.context.support.AbstractApplicationContext.finishBeanFactoryInitialization(AbstractApplicationContext.java:863) ~[spring-context-5.1.2.RELEASE.jar:5.1.2.RELEASE]
	at org.springframework.context.support.AbstractApplicationContext.refresh(AbstractApplicationContext.java:546) ~[spring-context-5.1.2.RELEASE.jar:5.1.2.RELEASE]
	at org.springframework.boot.SpringApplication.refresh(SpringApplication.java:775) ~[spring-boot-2.1.0.RELEASE.jar:2.1.0.RELEASE]
	at org.springframework.boot.SpringApplication.refreshContext(SpringApplication.java:397) ~[spring-boot-2.1.0.RELEASE.jar:2.1.0.RELEASE]
	at org.springframework.boot.SpringApplication.run(SpringApplication.java:316) ~[spring-boot-2.1.0.RELEASE.jar:2.1.0.RELEASE]
	at org.springframework.boot.test.context.SpringBootContextLoader.loadContext(SpringBootContextLoader.java:127) ~[spring-boot-test-2.1.0.RELEASE.jar:2.1.0.RELEASE]
	at org.springframework.test.context.cache.DefaultCacheAwareContextLoaderDelegate.loadContextInternal(DefaultCacheAwareContextLoaderDelegate.java:99) ~[spring-test-5.1.2.RELEASE.jar:5.1.2.RELEASE]
	at org.springframework.test.context.cache.DefaultCacheAwareContextLoaderDelegate.loadContext(DefaultCacheAwareContextLoaderDelegate.java:117) ~[spring-test-5.1.2.RELEASE.jar:5.1.2.RELEASE]
	... 27 common frames omitted
Caused by: org.springframework.beans.factory.UnsatisfiedDependencyException: Error creating bean with name 'searchService': Unsatisfied dependency expressed through field 'elasticsearchTemplate'; nested exception is org.springframework.beans.factory.UnsatisfiedDependencyException: Error creating bean with name 'elasticsearchTemplate' defined in class path resource [org/springframework/boot/autoconfigure/data/elasticsearch/ElasticsearchDataAutoConfiguration.class]: Unsatisfied dependency expressed through method 'elasticsearchTemplate' parameter 0; nested exception is org.springframework.beans.factory.BeanCreationException: Error creating bean with name 'elasticsearchClient' defined in class path resource [org/springframework/boot/autoconfigure/data/elasticsearch/ElasticsearchAutoConfiguration.class]: Bean instantiation via factory method failed; nested exception is org.springframework.beans.BeanInstantiationException: Failed to instantiate [org.elasticsearch.client.transport.TransportClient]: Factory method 'elasticsearchClient' threw exception; nested exception is java.lang.IllegalStateException: availableProcessors is already set to [12], rejecting [12]
	at org.springframework.beans.factory.annotation.AutowiredAnnotationBeanPostProcessor$AutowiredFieldElement.inject(AutowiredAnnotationBeanPostProcessor.java:596) ~[spring-beans-5.1.2.RELEASE.jar:5.1.2.RELEASE]
	at org.springframework.beans.factory.annotation.InjectionMetadata.inject(InjectionMetadata.java:90) ~[spring-beans-5.1.2.RELEASE.jar:5.1.2.RELEASE]
	at org.springframework.beans.factory.annotation.AutowiredAnnotationBeanPostProcessor.postProcessProperties(AutowiredAnnotationBeanPostProcessor.java:374) ~[spring-beans-5.1.2.RELEASE.jar:5.1.2.RELEASE]
	at org.springframework.beans.factory.support.AbstractAutowireCapableBeanFactory.populateBean(AbstractAutowireCapableBeanFactory.java:1378) ~[spring-beans-5.1.2.RELEASE.jar:5.1.2.RELEASE]
	at org.springframework.beans.factory.support.AbstractAutowireCapableBeanFactory.doCreateBean(AbstractAutowireCapableBeanFactory.java:575) ~[spring-beans-5.1.2.RELEASE.jar:5.1.2.RELEASE]
	at org.springframework.beans.factory.support.AbstractAutowireCapableBeanFactory.createBean(AbstractAutowireCapableBeanFactory.java:498) ~[spring-beans-5.1.2.RELEASE.jar:5.1.2.RELEASE]
	at org.springframework.beans.factory.support.AbstractBeanFactory.lambda$doGetBean$0(AbstractBeanFactory.java:320) ~[spring-beans-5.1.2.RELEASE.jar:5.1.2.RELEASE]
	at org.springframework.beans.factory.support.DefaultSingletonBeanRegistry.getSingleton(DefaultSingletonBeanRegistry.java:222) ~[spring-beans-5.1.2.RELEASE.jar:5.1.2.RELEASE]
	at org.springframework.beans.factory.support.AbstractBeanFactory.doGetBean(AbstractBeanFactory.java:318) ~[spring-beans-5.1.2.RELEASE.jar:5.1.2.RELEASE]
	at org.springframework.beans.factory.support.AbstractBeanFactory.getBean(AbstractBeanFactory.java:199) ~[spring-beans-5.1.2.RELEASE.jar:5.1.2.RELEASE]
	at org.springframework.beans.factory.config.DependencyDescriptor.resolveCandidate(DependencyDescriptor.java:273) ~[spring-beans-5.1.2.RELEASE.jar:5.1.2.RELEASE]
	at org.springframework.beans.factory.support.DefaultListableBeanFactory.doResolveDependency(DefaultListableBeanFactory.java:1239) ~[spring-beans-5.1.2.RELEASE.jar:5.1.2.RELEASE]
	at org.springframework.beans.factory.support.DefaultListableBeanFactory.resolveDependency(DefaultListableBeanFactory.java:1166) ~[spring-beans-5.1.2.RELEASE.jar:5.1.2.RELEASE]
	at org.springframework.beans.factory.annotation.AutowiredAnnotationBeanPostProcessor$AutowiredFieldElement.inject(AutowiredAnnotationBeanPostProcessor.java:593) ~[spring-beans-5.1.2.RELEASE.jar:5.1.2.RELEASE]
	... 45 common frames omitted
Caused by: org.springframework.beans.factory.UnsatisfiedDependencyException: Error creating bean with name 'elasticsearchTemplate' defined in class path resource [org/springframework/boot/autoconfigure/data/elasticsearch/ElasticsearchDataAutoConfiguration.class]: Unsatisfied dependency expressed through method 'elasticsearchTemplate' parameter 0; nested exception is org.springframework.beans.factory.BeanCreationException: Error creating bean with name 'elasticsearchClient' defined in class path resource [org/springframework/boot/autoconfigure/data/elasticsearch/ElasticsearchAutoConfiguration.class]: Bean instantiation via factory method failed; nested exception is org.springframework.beans.BeanInstantiationException: Failed to instantiate [org.elasticsearch.client.transport.TransportClient]: Factory method 'elasticsearchClient' threw exception; nested exception is java.lang.IllegalStateException: availableProcessors is already set to [12], rejecting [12]
	at org.springframework.beans.factory.support.ConstructorResolver.createArgumentArray(ConstructorResolver.java:767) ~[spring-beans-5.1.2.RELEASE.jar:5.1.2.RELEASE]
	at org.springframework.beans.factory.support.ConstructorResolver.instantiateUsingFactoryMethod(ConstructorResolver.java:508) ~[spring-beans-5.1.2.RELEASE.jar:5.1.2.RELEASE]
	at org.springframework.beans.factory.support.AbstractAutowireCapableBeanFactory.instantiateUsingFactoryMethod(AbstractAutowireCapableBeanFactory.java:1288) ~[spring-beans-5.1.2.RELEASE.jar:5.1.2.RELEASE]
	at org.springframework.beans.factory.support.AbstractAutowireCapableBeanFactory.createBeanInstance(AbstractAutowireCapableBeanFactory.java:1127) ~[spring-beans-5.1.2.RELEASE.jar:5.1.2.RELEASE]
	at org.springframework.beans.factory.support.AbstractAutowireCapableBeanFactory.doCreateBean(AbstractAutowireCapableBeanFactory.java:538) ~[spring-beans-5.1.2.RELEASE.jar:5.1.2.RELEASE]
	at org.springframework.beans.factory.support.AbstractAutowireCapableBeanFactory.createBean(AbstractAutowireCapableBeanFactory.java:498) ~[spring-beans-5.1.2.RELEASE.jar:5.1.2.RELEASE]
	at org.springframework.beans.factory.support.AbstractBeanFactory.lambda$doGetBean$0(AbstractBeanFactory.java:320) ~[spring-beans-5.1.2.RELEASE.jar:5.1.2.RELEASE]
	at org.springframework.beans.factory.support.DefaultSingletonBeanRegistry.getSingleton(DefaultSingletonBeanRegistry.java:222) ~[spring-beans-5.1.2.RELEASE.jar:5.1.2.RELEASE]
	at org.springframework.beans.factory.support.AbstractBeanFactory.doGetBean(AbstractBeanFactory.java:318) ~[spring-beans-5.1.2.RELEASE.jar:5.1.2.RELEASE]
	at org.springframework.beans.factory.support.AbstractBeanFactory.getBean(AbstractBeanFactory.java:199) ~[spring-beans-5.1.2.RELEASE.jar:5.1.2.RELEASE]
	at org.springframework.beans.factory.config.DependencyDescriptor.resolveCandidate(DependencyDescriptor.java:273) ~[spring-beans-5.1.2.RELEASE.jar:5.1.2.RELEASE]
	at org.springframework.beans.factory.support.DefaultListableBeanFactory.doResolveDependency(DefaultListableBeanFactory.java:1239) ~[spring-beans-5.1.2.RELEASE.jar:5.1.2.RELEASE]
	at org.springframework.beans.factory.support.DefaultListableBeanFactory.resolveDependency(DefaultListableBeanFactory.java:1166) ~[spring-beans-5.1.2.RELEASE.jar:5.1.2.RELEASE]
	at org.springframework.beans.factory.annotation.AutowiredAnnotationBeanPostProcessor$AutowiredFieldElement.inject(AutowiredAnnotationBeanPostProcessor.java:593) ~[spring-beans-5.1.2.RELEASE.jar:5.1.2.RELEASE]
	... 58 common frames omitted
Caused by: org.springframework.beans.factory.BeanCreationException: Error creating bean with name 'elasticsearchClient' defined in class path resource [org/springframework/boot/autoconfigure/data/elasticsearch/ElasticsearchAutoConfiguration.class]: Bean instantiation via factory method failed; nested exception is org.springframework.beans.BeanInstantiationException: Failed to instantiate [org.elasticsearch.client.transport.TransportClient]: Factory method 'elasticsearchClient' threw exception; nested exception is java.lang.IllegalStateException: availableProcessors is already set to [12], rejecting [12]
	at org.springframework.beans.factory.support.ConstructorResolver.instantiate(ConstructorResolver.java:625) ~[spring-beans-5.1.2.RELEASE.jar:5.1.2.RELEASE]
	at org.springframework.beans.factory.support.ConstructorResolver.instantiateUsingFactoryMethod(ConstructorResolver.java:455) ~[spring-beans-5.1.2.RELEASE.jar:5.1.2.RELEASE]
	at org.springframework.beans.factory.support.AbstractAutowireCapableBeanFactory.instantiateUsingFactoryMethod(AbstractAutowireCapableBeanFactory.java:1288) ~[spring-beans-5.1.2.RELEASE.jar:5.1.2.RELEASE]
	at org.springframework.beans.factory.support.AbstractAutowireCapableBeanFactory.createBeanInstance(AbstractAutowireCapableBeanFactory.java:1127) ~[spring-beans-5.1.2.RELEASE.jar:5.1.2.RELEASE]
	at org.springframework.beans.factory.support.AbstractAutowireCapableBeanFactory.doCreateBean(AbstractAutowireCapableBeanFactory.java:538) ~[spring-beans-5.1.2.RELEASE.jar:5.1.2.RELEASE]
	at org.springframework.beans.factory.support.AbstractAutowireCapableBeanFactory.createBean(AbstractAutowireCapableBeanFactory.java:498) ~[spring-beans-5.1.2.RELEASE.jar:5.1.2.RELEASE]
	at org.springframework.beans.factory.support.AbstractBeanFactory.lambda$doGetBean$0(AbstractBeanFactory.java:320) ~[spring-beans-5.1.2.RELEASE.jar:5.1.2.RELEASE]
	at org.springframework.beans.factory.support.DefaultSingletonBeanRegistry.getSingleton(DefaultSingletonBeanRegistry.java:222) ~[spring-beans-5.1.2.RELEASE.jar:5.1.2.RELEASE]
	at org.springframework.beans.factory.support.AbstractBeanFactory.doGetBean(AbstractBeanFactory.java:318) ~[spring-beans-5.1.2.RELEASE.jar:5.1.2.RELEASE]
	at org.springframework.beans.factory.support.AbstractBeanFactory.getBean(AbstractBeanFactory.java:199) ~[spring-beans-5.1.2.RELEASE.jar:5.1.2.RELEASE]
	at org.springframework.beans.factory.config.DependencyDescriptor.resolveCandidate(DependencyDescriptor.java:273) ~[spring-beans-5.1.2.RELEASE.jar:5.1.2.RELEASE]
	at org.springframework.beans.factory.support.DefaultListableBeanFactory.doResolveDependency(DefaultListableBeanFactory.java:1239) ~[spring-beans-5.1.2.RELEASE.jar:5.1.2.RELEASE]
	at org.springframework.beans.factory.support.DefaultListableBeanFactory.resolveDependency(DefaultListableBeanFactory.java:1166) ~[spring-beans-5.1.2.RELEASE.jar:5.1.2.RELEASE]
	at org.springframework.beans.factory.support.ConstructorResolver.resolveAutowiredArgument(ConstructorResolver.java:855) ~[spring-beans-5.1.2.RELEASE.jar:5.1.2.RELEASE]
	at org.springframework.beans.factory.support.ConstructorResolver.createArgumentArray(ConstructorResolver.java:758) ~[spring-beans-5.1.2.RELEASE.jar:5.1.2.RELEASE]
	... 71 common frames omitted
Caused by: org.springframework.beans.BeanInstantiationException: Failed to instantiate [org.elasticsearch.client.transport.TransportClient]: Factory method 'elasticsearchClient' threw exception; nested exception is java.lang.IllegalStateException: availableProcessors is already set to [12], rejecting [12]
	at org.springframework.beans.factory.support.SimpleInstantiationStrategy.instantiate(SimpleInstantiationStrategy.java:185) ~[spring-beans-5.1.2.RELEASE.jar:5.1.2.RELEASE]
	at org.springframework.beans.factory.support.ConstructorResolver.instantiate(ConstructorResolver.java:620) ~[spring-beans-5.1.2.RELEASE.jar:5.1.2.RELEASE]
	... 85 common frames omitted
Caused by: java.lang.IllegalStateException: availableProcessors is already set to [12], rejecting [12]
	at io.netty.util.NettyRuntime$AvailableProcessorsHolder.setAvailableProcessors(NettyRuntime.java:51) ~[netty-common-4.1.29.Final.jar:4.1.29.Final]
	at io.netty.util.NettyRuntime.setAvailableProcessors(NettyRuntime.java:87) ~[netty-common-4.1.29.Final.jar:4.1.29.Final]
	at org.elasticsearch.transport.netty4.Netty4Utils.setAvailableProcessors(Netty4Utils.java:83) ~[transport-netty4-client-6.4.2.jar:6.4.2]
	at org.elasticsearch.transport.netty4.Netty4Transport.<init>(Netty4Transport.java:112) ~[transport-netty4-client-6.4.2.jar:6.4.2]
	at org.elasticsearch.transport.Netty4Plugin.lambda$getTransports$0(Netty4Plugin.java:86) ~[transport-netty4-client-6.4.2.jar:6.4.2]
	at org.elasticsearch.client.transport.TransportClient.buildTemplate(TransportClient.java:189) ~[elasticsearch-6.4.2.jar:6.4.2]
	at org.elasticsearch.client.transport.TransportClient.<init>(TransportClient.java:283) ~[elasticsearch-6.4.2.jar:6.4.2]
	at org.elasticsearch.transport.client.PreBuiltTransportClient.<init>(PreBuiltTransportClient.java:128) ~[transport-6.4.2.jar:6.4.2]
	at org.elasticsearch.transport.client.PreBuiltTransportClient.<init>(PreBuiltTransportClient.java:114) ~[transport-6.4.2.jar:6.4.2]
	at org.elasticsearch.transport.client.PreBuiltTransportClient.<init>(PreBuiltTransportClient.java:104) ~[transport-6.4.2.jar:6.4.2]
	at org.springframework.data.elasticsearch.client.TransportClientFactoryBean.buildClient(TransportClientFactoryBean.java:85) ~[spring-data-elasticsearch-3.1.2.RELEASE.jar:3.1.2.RELEASE]
	at org.springframework.data.elasticsearch.client.TransportClientFactoryBean.afterPropertiesSet(TransportClientFactoryBean.java:80) ~[spring-data-elasticsearch-3.1.2.RELEASE.jar:3.1.2.RELEASE]
	at org.springframework.boot.autoconfigure.data.elasticsearch.ElasticsearchAutoConfiguration.elasticsearchClient(ElasticsearchAutoConfiguration.java:59) ~[spring-boot-autoconfigure-2.1.0.RELEASE.jar:2.1.0.RELEASE]
	at org.springframework.boot.autoconfigure.data.elasticsearch.ElasticsearchAutoConfiguration$$EnhancerBySpringCGLIB$$508dd8f4.CGLIB$elasticsearchClient$0(<generated>) ~[spring-boot-autoconfigure-2.1.0.RELEASE.jar:2.1.0.RELEASE]
	at org.springframework.boot.autoconfigure.data.elasticsearch.ElasticsearchAutoConfiguration$$EnhancerBySpringCGLIB$$508dd8f4$$FastClassBySpringCGLIB$$fa68ab8f.invoke(<generated>) ~[spring-boot-autoconfigure-2.1.0.RELEASE.jar:2.1.0.RELEASE]
	at org.springframework.cglib.proxy.MethodProxy.invokeSuper(MethodProxy.java:244) ~[spring-core-5.1.2.RELEASE.jar:5.1.2.RELEASE]
	at org.springframework.context.annotation.ConfigurationClassEnhancer$BeanMethodInterceptor.intercept(ConfigurationClassEnhancer.java:363) ~[spring-context-5.1.2.RELEASE.jar:5.1.2.RELEASE]
	at org.springframework.boot.autoconfigure.data.elasticsearch.ElasticsearchAutoConfiguration$$EnhancerBySpringCGLIB$$508dd8f4.elasticsearchClient(<generated>) ~[spring-boot-autoconfigure-2.1.0.RELEASE.jar:2.1.0.RELEASE]
	at sun.reflect.NativeMethodAccessorImpl.invoke0(Native Method) ~[na:1.8.0_212]
	at sun.reflect.NativeMethodAccessorImpl.invoke(NativeMethodAccessorImpl.java:62) ~[na:1.8.0_212]
	at sun.reflect.DelegatingMethodAccessorImpl.invoke(DelegatingMethodAccessorImpl.java:43) ~[na:1.8.0_212]
	at java.lang.reflect.Method.invoke(Method.java:498) ~[na:1.8.0_212]
	at org.springframework.beans.factory.support.SimpleInstantiationStrategy.instantiate(SimpleInstantiationStrategy.java:154) ~[spring-beans-5.1.2.RELEASE.jar:5.1.2.RELEASE]
	... 86 common frames omitted

]]></system-out>
    <system-err><![CDATA[SLF4J: Class path contains multiple SLF4J bindings.
SLF4J: Found binding in [jar:file:/D:/source2/maven_new/ch/qos/logback/logback-classic/1.2.3/logback-classic-1.2.3.jar!/org/slf4j/impl/StaticLoggerBinder.class]
SLF4J: Found binding in [jar:file:/D:/source2/maven_new/org/slf4j/slf4j-log4j12/1.7.25/slf4j-log4j12-1.7.25.jar!/org/slf4j/impl/StaticLoggerBinder.class]
SLF4J: See http://www.slf4j.org/codes.html#multiple_bindings for an explanation.
SLF4J: Actual binding is of type [ch.qos.logback.classic.util.ContextSelectorStaticBinder]
log4j:WARN No appenders could be found for logger (com.alibaba.dubbo.common.logger.LoggerFactory).
log4j:WARN Please initialize the log4j system properly.
log4j:WARN See http://logging.apache.org/log4j/1.2/faq.html#noconfig for more info.
]]></system-err>
  </testcase>
</testsuite>